{"C:\\datos\\cursos\\fullstack_nodejs_y_typescript\\CASHTRACKR\\backend\\src\\config\\nodemailer.ts": {"path":"C:\\datos\\cursos\\fullstack_nodejs_y_typescript\\CASHTRACKR\\backend\\src\\config\\nodemailer.ts","statementMap":{"0":{"start":{"line":1,"column":0},"end":{"line":1,"column":36}},"1":{"start":{"line":2,"column":0},"end":{"line":2,"column":28}},"2":{"start":{"line":4,"column":0},"end":{"line":4,"column":16}},"3":{"start":{"line":6,"column":15},"end":{"line":15,"column":1}},"4":{"start":{"line":7,"column":2},"end":{"line":14,"column":4}},"5":{"start":{"line":18,"column":13},"end":{"line":18,"column":62}}},"fnMap":{"0":{"name":"(anonymous_1)","decl":{"start":{"line":6,"column":15},"end":{"line":6,"column":18}},"loc":{"start":{"line":6,"column":20},"end":{"line":15,"column":1}}}},"branchMap":{},"s":{"0":1,"1":1,"2":1,"3":1,"4":1,"5":1},"f":{"0":1},"b":{}}
,"C:\\datos\\cursos\\fullstack_nodejs_y_typescript\\CASHTRACKR\\backend\\src\\controllers\\AuthController.ts": {"path":"C:\\datos\\cursos\\fullstack_nodejs_y_typescript\\CASHTRACKR\\backend\\src\\controllers\\AuthController.ts","statementMap":{"0":{"start":{"line":2,"column":0},"end":{"line":2,"column":34}},"1":{"start":{"line":3,"column":0},"end":{"line":3,"column":60}},"2":{"start":{"line":4,"column":0},"end":{"line":4,"column":47}},"3":{"start":{"line":5,"column":0},"end":{"line":5,"column":48}},"4":{"start":{"line":6,"column":0},"end":{"line":6,"column":43}},"5":{"start":{"line":9,"column":25},"end":{"line":36,"column":3}},"6":{"start":{"line":10,"column":32},"end":{"line":10,"column":40}},"7":{"start":{"line":13,"column":23},"end":{"line":13,"column":63}},"8":{"start":{"line":14,"column":4},"end":{"line":18,"column":5}},"9":{"start":{"line":15,"column":20},"end":{"line":15,"column":53}},"10":{"start":{"line":16,"column":6},"end":{"line":16,"column":55}},"11":{"start":{"line":17,"column":6},"end":{"line":17,"column":13}},"12":{"start":{"line":19,"column":4},"end":{"line":35,"column":5}},"13":{"start":{"line":20,"column":19},"end":{"line":20,"column":46}},"14":{"start":{"line":21,"column":6},"end":{"line":21,"column":51}},"15":{"start":{"line":22,"column":6},"end":{"line":22,"column":35}},"16":{"start":{"line":23,"column":6},"end":{"line":23,"column":24}},"17":{"start":{"line":25,"column":6},"end":{"line":29,"column":9}},"18":{"start":{"line":31,"column":6},"end":{"line":31,"column":72}},"19":{"start":{"line":34,"column":6},"end":{"line":34,"column":65}},"20":{"start":{"line":38,"column":26},"end":{"line":54,"column":3}},"21":{"start":{"line":39,"column":22},"end":{"line":39,"column":30}},"22":{"start":{"line":40,"column":17},"end":{"line":40,"column":57}},"23":{"start":{"line":42,"column":4},"end":{"line":46,"column":5}},"24":{"start":{"line":43,"column":20},"end":{"line":43,"column":48}},"25":{"start":{"line":44,"column":6},"end":{"line":44,"column":55}},"26":{"start":{"line":45,"column":6},"end":{"line":45,"column":13}},"27":{"start":{"line":47,"column":4},"end":{"line":47,"column":26}},"28":{"start":{"line":48,"column":4},"end":{"line":48,"column":22}},"29":{"start":{"line":49,"column":4},"end":{"line":49,"column":22}},"30":{"start":{"line":51,"column":4},"end":{"line":51,"column":59}},"31":{"start":{"line":52,"column":4},"end":{"line":53,"column":22}},"32":{"start":{"line":56,"column":17},"end":{"line":84,"column":3}},"33":{"start":{"line":57,"column":32},"end":{"line":57,"column":40}},"34":{"start":{"line":59,"column":17},"end":{"line":59,"column":57}},"35":{"start":{"line":61,"column":4},"end":{"line":65,"column":5}},"36":{"start":{"line":62,"column":20},"end":{"line":62,"column":47}},"37":{"start":{"line":63,"column":6},"end":{"line":63,"column":55}},"38":{"start":{"line":64,"column":6},"end":{"line":64,"column":13}},"39":{"start":{"line":67,"column":4},"end":{"line":71,"column":5}},"40":{"start":{"line":68,"column":20},"end":{"line":68,"column":54}},"41":{"start":{"line":69,"column":6},"end":{"line":69,"column":55}},"42":{"start":{"line":70,"column":6},"end":{"line":70,"column":13}},"43":{"start":{"line":73,"column":26},"end":{"line":73,"column":70}},"44":{"start":{"line":75,"column":4},"end":{"line":79,"column":5}},"45":{"start":{"line":76,"column":20},"end":{"line":76,"column":54}},"46":{"start":{"line":77,"column":6},"end":{"line":77,"column":55}},"47":{"start":{"line":78,"column":6},"end":{"line":78,"column":13}},"48":{"start":{"line":81,"column":21},"end":{"line":81,"column":41}},"49":{"start":{"line":83,"column":4},"end":{"line":83,"column":46}},"50":{"start":{"line":86,"column":26},"end":{"line":107,"column":3}},"51":{"start":{"line":87,"column":22},"end":{"line":87,"column":30}},"52":{"start":{"line":89,"column":17},"end":{"line":89,"column":57}},"53":{"start":{"line":91,"column":4},"end":{"line":95,"column":5}},"54":{"start":{"line":92,"column":20},"end":{"line":92,"column":47}},"55":{"start":{"line":93,"column":6},"end":{"line":93,"column":55}},"56":{"start":{"line":94,"column":6},"end":{"line":94,"column":13}},"57":{"start":{"line":97,"column":4},"end":{"line":97,"column":33}},"58":{"start":{"line":98,"column":4},"end":{"line":98,"column":22}},"59":{"start":{"line":100,"column":4},"end":{"line":104,"column":7}},"60":{"start":{"line":106,"column":4},"end":{"line":106,"column":58}},"61":{"start":{"line":109,"column":25},"end":{"line":120,"column":3}},"62":{"start":{"line":110,"column":22},"end":{"line":110,"column":30}},"63":{"start":{"line":111,"column":24},"end":{"line":111,"column":64}},"64":{"start":{"line":113,"column":4},"end":{"line":117,"column":5}},"65":{"start":{"line":114,"column":20},"end":{"line":114,"column":48}},"66":{"start":{"line":115,"column":6},"end":{"line":115,"column":55}},"67":{"start":{"line":116,"column":6},"end":{"line":116,"column":13}},"68":{"start":{"line":119,"column":4},"end":{"line":119,"column":56}},"69":{"start":{"line":122,"column":34},"end":{"line":139,"column":3}},"70":{"start":{"line":123,"column":22},"end":{"line":123,"column":32}},"71":{"start":{"line":124,"column":25},"end":{"line":124,"column":33}},"72":{"start":{"line":126,"column":17},"end":{"line":126,"column":57}},"73":{"start":{"line":128,"column":4},"end":{"line":132,"column":5}},"74":{"start":{"line":129,"column":20},"end":{"line":129,"column":48}},"75":{"start":{"line":130,"column":6},"end":{"line":130,"column":55}},"76":{"start":{"line":131,"column":6},"end":{"line":131,"column":13}},"77":{"start":{"line":134,"column":4},"end":{"line":134,"column":49}},"78":{"start":{"line":135,"column":4},"end":{"line":135,"column":22}},"79":{"start":{"line":136,"column":4},"end":{"line":136,"column":22}},"80":{"start":{"line":138,"column":4},"end":{"line":138,"column":70}},"81":{"start":{"line":141,"column":16},"end":{"line":144,"column":3}},"82":{"start":{"line":143,"column":4},"end":{"line":143,"column":35}},"83":{"start":{"line":146,"column":37},"end":{"line":168,"column":3}},"84":{"start":{"line":147,"column":43},"end":{"line":147,"column":51}},"85":{"start":{"line":149,"column":19},"end":{"line":149,"column":27}},"86":{"start":{"line":151,"column":17},"end":{"line":151,"column":40}},"87":{"start":{"line":153,"column":30},"end":{"line":155,"column":null}},"88":{"start":{"line":158,"column":4},"end":{"line":162,"column":5}},"89":{"start":{"line":159,"column":20},"end":{"line":159,"column":62}},"90":{"start":{"line":160,"column":6},"end":{"line":160,"column":55}},"91":{"start":{"line":161,"column":6},"end":{"line":161,"column":13}},"92":{"start":{"line":164,"column":4},"end":{"line":164,"column":49}},"93":{"start":{"line":165,"column":4},"end":{"line":165,"column":22}},"94":{"start":{"line":167,"column":4},"end":{"line":167,"column":69}},"95":{"start":{"line":170,"column":25},"end":{"line":186,"column":3}},"96":{"start":{"line":171,"column":25},"end":{"line":171,"column":33}},"97":{"start":{"line":173,"column":19},"end":{"line":173,"column":27}},"98":{"start":{"line":175,"column":17},"end":{"line":175,"column":40}},"99":{"start":{"line":177,"column":30},"end":{"line":177,"column":74}},"100":{"start":{"line":179,"column":4},"end":{"line":183,"column":5}},"101":{"start":{"line":180,"column":20},"end":{"line":180,"column":54}},"102":{"start":{"line":181,"column":6},"end":{"line":181,"column":55}},"103":{"start":{"line":182,"column":6},"end":{"line":182,"column":13}},"104":{"start":{"line":185,"column":4},"end":{"line":185,"column":61}},"105":{"start":{"line":8,"column":0},"end":{"line":8,"column":13}}},"fnMap":{"0":{"name":"(anonymous_1)","decl":{"start":{"line":9,"column":25},"end":{"line":9,"column":30}},"loc":{"start":{"line":9,"column":63},"end":{"line":36,"column":3}}},"1":{"name":"(anonymous_2)","decl":{"start":{"line":38,"column":26},"end":{"line":38,"column":31}},"loc":{"start":{"line":38,"column":64},"end":{"line":54,"column":3}}},"2":{"name":"(anonymous_3)","decl":{"start":{"line":56,"column":17},"end":{"line":56,"column":22}},"loc":{"start":{"line":56,"column":55},"end":{"line":84,"column":3}}},"3":{"name":"(anonymous_4)","decl":{"start":{"line":86,"column":26},"end":{"line":86,"column":31}},"loc":{"start":{"line":86,"column":64},"end":{"line":107,"column":3}}},"4":{"name":"(anonymous_5)","decl":{"start":{"line":109,"column":25},"end":{"line":109,"column":30}},"loc":{"start":{"line":109,"column":63},"end":{"line":120,"column":3}}},"5":{"name":"(anonymous_6)","decl":{"start":{"line":122,"column":34},"end":{"line":122,"column":39}},"loc":{"start":{"line":122,"column":72},"end":{"line":139,"column":3}}},"6":{"name":"(anonymous_7)","decl":{"start":{"line":141,"column":16},"end":{"line":141,"column":21}},"loc":{"start":{"line":141,"column":54},"end":{"line":144,"column":3}}},"7":{"name":"(anonymous_8)","decl":{"start":{"line":146,"column":37},"end":{"line":146,"column":42}},"loc":{"start":{"line":146,"column":75},"end":{"line":168,"column":3}}},"8":{"name":"(anonymous_9)","decl":{"start":{"line":170,"column":25},"end":{"line":170,"column":30}},"loc":{"start":{"line":170,"column":63},"end":{"line":186,"column":3}}}},"branchMap":{"0":{"loc":{"start":{"line":14,"column":4},"end":{"line":18,"column":5}},"type":"if","locations":[{"start":{"line":14,"column":4},"end":{"line":18,"column":5}}]},"1":{"loc":{"start":{"line":42,"column":4},"end":{"line":46,"column":5}},"type":"if","locations":[{"start":{"line":42,"column":4},"end":{"line":46,"column":5}}]},"2":{"loc":{"start":{"line":61,"column":4},"end":{"line":65,"column":5}},"type":"if","locations":[{"start":{"line":61,"column":4},"end":{"line":65,"column":5}}]},"3":{"loc":{"start":{"line":67,"column":4},"end":{"line":71,"column":5}},"type":"if","locations":[{"start":{"line":67,"column":4},"end":{"line":71,"column":5}}]},"4":{"loc":{"start":{"line":75,"column":4},"end":{"line":79,"column":5}},"type":"if","locations":[{"start":{"line":75,"column":4},"end":{"line":79,"column":5}}]},"5":{"loc":{"start":{"line":91,"column":4},"end":{"line":95,"column":5}},"type":"if","locations":[{"start":{"line":91,"column":4},"end":{"line":95,"column":5}}]},"6":{"loc":{"start":{"line":113,"column":4},"end":{"line":117,"column":5}},"type":"if","locations":[{"start":{"line":113,"column":4},"end":{"line":117,"column":5}}]},"7":{"loc":{"start":{"line":128,"column":4},"end":{"line":132,"column":5}},"type":"if","locations":[{"start":{"line":128,"column":4},"end":{"line":132,"column":5}}]},"8":{"loc":{"start":{"line":158,"column":4},"end":{"line":162,"column":5}},"type":"if","locations":[{"start":{"line":158,"column":4},"end":{"line":162,"column":5}}]},"9":{"loc":{"start":{"line":179,"column":4},"end":{"line":183,"column":5}},"type":"if","locations":[{"start":{"line":179,"column":4},"end":{"line":183,"column":5}}]}},"s":{"0":1,"1":1,"2":1,"3":1,"4":1,"5":1,"6":2,"7":2,"8":2,"9":1,"10":1,"11":1,"12":1,"13":1,"14":1,"15":1,"16":1,"17":1,"18":1,"19":0,"20":1,"21":0,"22":0,"23":0,"24":0,"25":0,"26":0,"27":0,"28":0,"29":0,"30":0,"31":0,"32":1,"33":4,"34":4,"35":4,"36":1,"37":1,"38":1,"39":3,"40":1,"41":1,"42":1,"43":2,"44":2,"45":1,"46":1,"47":1,"48":1,"49":1,"50":1,"51":0,"52":0,"53":0,"54":0,"55":0,"56":0,"57":0,"58":0,"59":0,"60":0,"61":1,"62":0,"63":0,"64":0,"65":0,"66":0,"67":0,"68":0,"69":1,"70":0,"71":0,"72":0,"73":0,"74":0,"75":0,"76":0,"77":0,"78":0,"79":0,"80":0,"81":1,"82":0,"83":1,"84":0,"85":0,"86":0,"87":0,"88":0,"89":0,"90":0,"91":0,"92":0,"93":0,"94":0,"95":1,"96":0,"97":0,"98":0,"99":0,"100":0,"101":0,"102":0,"103":0,"104":0,"105":1},"f":{"0":2,"1":0,"2":4,"3":0,"4":0,"5":0,"6":0,"7":0,"8":0},"b":{"0":[1],"1":[0],"2":[1],"3":[1],"4":[1],"5":[0],"6":[0],"7":[0],"8":[0],"9":[0]}}
,"C:\\datos\\cursos\\fullstack_nodejs_y_typescript\\CASHTRACKR\\backend\\src\\controllers\\BudgetController.ts": {"path":"C:\\datos\\cursos\\fullstack_nodejs_y_typescript\\CASHTRACKR\\backend\\src\\controllers\\BudgetController.ts","statementMap":{"0":{"start":{"line":2,"column":0},"end":{"line":2,"column":38}},"1":{"start":{"line":3,"column":0},"end":{"line":3,"column":41}},"2":{"start":{"line":6,"column":18},"end":{"line":18,"column":3}},"3":{"start":{"line":7,"column":4},"end":{"line":17,"column":5}},"4":{"start":{"line":8,"column":22},"end":{"line":13,"column":8}},"5":{"start":{"line":14,"column":6},"end":{"line":14,"column":36}},"6":{"start":{"line":16,"column":6},"end":{"line":16,"column":59}},"7":{"start":{"line":20,"column":18},"end":{"line":32,"column":3}},"8":{"start":{"line":21,"column":4},"end":{"line":31,"column":5}},"9":{"start":{"line":22,"column":21},"end":{"line":22,"column":50}},"10":{"start":{"line":24,"column":6},"end":{"line":24,"column":34}},"11":{"start":{"line":26,"column":6},"end":{"line":26,"column":26}},"12":{"start":{"line":27,"column":6},"end":{"line":27,"column":57}},"13":{"start":{"line":30,"column":6},"end":{"line":30,"column":59}},"14":{"start":{"line":34,"column":25},"end":{"line":40,"column":3}},"15":{"start":{"line":35,"column":19},"end":{"line":37,"column":6}},"16":{"start":{"line":39,"column":4},"end":{"line":39,"column":37}},"17":{"start":{"line":42,"column":28},"end":{"line":49,"column":3}},"18":{"start":{"line":43,"column":23},"end":{"line":43,"column":26}},"19":{"start":{"line":46,"column":4},"end":{"line":46,"column":34}},"20":{"start":{"line":48,"column":4},"end":{"line":48,"column":68}},"21":{"start":{"line":51,"column":28},"end":{"line":57,"column":3}},"22":{"start":{"line":52,"column":23},"end":{"line":52,"column":26}},"23":{"start":{"line":54,"column":4},"end":{"line":54,"column":27}},"24":{"start":{"line":56,"column":4},"end":{"line":56,"column":68}},"25":{"start":{"line":5,"column":0},"end":{"line":5,"column":13}}},"fnMap":{"0":{"name":"(anonymous_1)","decl":{"start":{"line":6,"column":18},"end":{"line":6,"column":23}},"loc":{"start":{"line":6,"column":56},"end":{"line":18,"column":3}}},"1":{"name":"(anonymous_2)","decl":{"start":{"line":20,"column":18},"end":{"line":20,"column":23}},"loc":{"start":{"line":20,"column":56},"end":{"line":32,"column":3}}},"2":{"name":"(anonymous_3)","decl":{"start":{"line":34,"column":25},"end":{"line":34,"column":30}},"loc":{"start":{"line":34,"column":63},"end":{"line":40,"column":3}}},"3":{"name":"(anonymous_4)","decl":{"start":{"line":42,"column":28},"end":{"line":42,"column":33}},"loc":{"start":{"line":42,"column":66},"end":{"line":49,"column":3}}},"4":{"name":"(anonymous_5)","decl":{"start":{"line":51,"column":28},"end":{"line":51,"column":33}},"loc":{"start":{"line":51,"column":66},"end":{"line":57,"column":3}}}},"branchMap":{},"s":{"0":1,"1":1,"2":1,"3":4,"4":4,"5":3,"6":1,"7":1,"8":2,"9":2,"10":1,"11":1,"12":1,"13":1,"14":1,"15":3,"16":3,"17":1,"18":1,"19":1,"20":1,"21":1,"22":1,"23":1,"24":1,"25":1},"f":{"0":4,"1":2,"2":3,"3":1,"4":1},"b":{}}
,"C:\\datos\\cursos\\fullstack_nodejs_y_typescript\\CASHTRACKR\\backend\\src\\controllers\\ExpenseController.ts": {"path":"C:\\datos\\cursos\\fullstack_nodejs_y_typescript\\CASHTRACKR\\backend\\src\\controllers\\ExpenseController.ts","statementMap":{"0":{"start":{"line":2,"column":0},"end":{"line":2,"column":41}},"1":{"start":{"line":7,"column":18},"end":{"line":18,"column":3}},"2":{"start":{"line":9,"column":4},"end":{"line":17,"column":5}},"3":{"start":{"line":10,"column":22},"end":{"line":10,"column":52}},"4":{"start":{"line":11,"column":6},"end":{"line":11,"column":39}},"5":{"start":{"line":12,"column":6},"end":{"line":12,"column":27}},"6":{"start":{"line":13,"column":6},"end":{"line":13,"column":59}},"7":{"start":{"line":16,"column":6},"end":{"line":16,"column":59}},"8":{"start":{"line":20,"column":19},"end":{"line":22,"column":3}},"9":{"start":{"line":21,"column":4},"end":{"line":21,"column":38}},"10":{"start":{"line":24,"column":22},"end":{"line":27,"column":3}},"11":{"start":{"line":25,"column":4},"end":{"line":25,"column":39}},"12":{"start":{"line":26,"column":4},"end":{"line":26,"column":62}},"13":{"start":{"line":29,"column":22},"end":{"line":32,"column":3}},"14":{"start":{"line":30,"column":4},"end":{"line":30,"column":32}},"15":{"start":{"line":31,"column":4},"end":{"line":31,"column":62}},"16":{"start":{"line":4,"column":0},"end":{"line":4,"column":13}}},"fnMap":{"0":{"name":"(anonymous_1)","decl":{"start":{"line":7,"column":18},"end":{"line":7,"column":23}},"loc":{"start":{"line":7,"column":56},"end":{"line":18,"column":3}}},"1":{"name":"(anonymous_2)","decl":{"start":{"line":20,"column":19},"end":{"line":20,"column":24}},"loc":{"start":{"line":20,"column":57},"end":{"line":22,"column":3}}},"2":{"name":"(anonymous_3)","decl":{"start":{"line":24,"column":22},"end":{"line":24,"column":27}},"loc":{"start":{"line":24,"column":60},"end":{"line":27,"column":3}}},"3":{"name":"(anonymous_4)","decl":{"start":{"line":29,"column":22},"end":{"line":29,"column":27}},"loc":{"start":{"line":29,"column":60},"end":{"line":32,"column":3}}}},"branchMap":{},"s":{"0":1,"1":1,"2":2,"3":2,"4":1,"5":1,"6":1,"7":1,"8":1,"9":1,"10":1,"11":1,"12":1,"13":1,"14":1,"15":1,"16":1},"f":{"0":2,"1":1,"2":1,"3":1},"b":{}}
,"C:\\datos\\cursos\\fullstack_nodejs_y_typescript\\CASHTRACKR\\backend\\src\\emails\\AuthEmail.ts": {"path":"C:\\datos\\cursos\\fullstack_nodejs_y_typescript\\CASHTRACKR\\backend\\src\\emails\\AuthEmail.ts","statementMap":{"0":{"start":{"line":1,"column":0},"end":{"line":1,"column":49}},"1":{"start":{"line":10,"column":33},"end":{"line":23,"column":3}},"2":{"start":{"line":11,"column":18},"end":{"line":21,"column":6}},"3":{"start":{"line":22,"column":4},"end":{"line":22,"column":33}},"4":{"start":{"line":25,"column":34},"end":{"line":38,"column":3}},"5":{"start":{"line":26,"column":18},"end":{"line":36,"column":6}},"6":{"start":{"line":37,"column":4},"end":{"line":37,"column":33}},"7":{"start":{"line":9,"column":0},"end":{"line":9,"column":13}}},"fnMap":{"0":{"name":"(anonymous_0)","decl":{"start":{"line":10,"column":33},"end":{"line":10,"column":38}},"loc":{"start":{"line":10,"column":59},"end":{"line":23,"column":3}}},"1":{"name":"(anonymous_1)","decl":{"start":{"line":25,"column":34},"end":{"line":25,"column":39}},"loc":{"start":{"line":25,"column":60},"end":{"line":38,"column":3}}}},"branchMap":{},"s":{"0":1,"1":1,"2":0,"3":0,"4":1,"5":0,"6":0,"7":1},"f":{"0":0,"1":0},"b":{}}
,"C:\\datos\\cursos\\fullstack_nodejs_y_typescript\\CASHTRACKR\\backend\\src\\middleware\\budget.ts": {"path":"C:\\datos\\cursos\\fullstack_nodejs_y_typescript\\CASHTRACKR\\backend\\src\\middleware\\budget.ts","statementMap":{"0":{"start":{"line":2,"column":0},"end":{"line":2,"column":66}},"1":{"start":{"line":3,"column":0},"end":{"line":3,"column":38}},"2":{"start":{"line":13,"column":32},"end":{"line":31,"column":1}},"3":{"start":{"line":18,"column":2},"end":{"line":23,"column":14}},"4":{"start":{"line":21,"column":23},"end":{"line":21,"column":32}},"5":{"start":{"line":25,"column":15},"end":{"line":25,"column":36}},"6":{"start":{"line":26,"column":2},"end":{"line":29,"column":3}},"7":{"start":{"line":27,"column":4},"end":{"line":27,"column":53}},"8":{"start":{"line":28,"column":4},"end":{"line":28,"column":11}},"9":{"start":{"line":30,"column":2},"end":{"line":30,"column":9}},"10":{"start":{"line":13,"column":13},"end":{"line":13,"column":32}},"11":{"start":{"line":33,"column":35},"end":{"line":54,"column":1}},"12":{"start":{"line":38,"column":2},"end":{"line":53,"column":3}},"13":{"start":{"line":39,"column":25},"end":{"line":39,"column":35}},"14":{"start":{"line":40,"column":19},"end":{"line":40,"column":50}},"15":{"start":{"line":42,"column":4},"end":{"line":46,"column":5}},"16":{"start":{"line":43,"column":20},"end":{"line":43,"column":49}},"17":{"start":{"line":44,"column":6},"end":{"line":44,"column":55}},"18":{"start":{"line":45,"column":6},"end":{"line":45,"column":13}},"19":{"start":{"line":48,"column":4},"end":{"line":48,"column":24}},"20":{"start":{"line":50,"column":4},"end":{"line":50,"column":11}},"21":{"start":{"line":52,"column":4},"end":{"line":52,"column":57}},"22":{"start":{"line":33,"column":13},"end":{"line":33,"column":35}},"23":{"start":{"line":56,"column":35},"end":{"line":73,"column":1}},"24":{"start":{"line":61,"column":2},"end":{"line":61,"column":73}},"25":{"start":{"line":63,"column":2},"end":{"line":70,"column":14}},"26":{"start":{"line":68,"column":23},"end":{"line":68,"column":32}},"27":{"start":{"line":72,"column":2},"end":{"line":72,"column":9}},"28":{"start":{"line":56,"column":13},"end":{"line":56,"column":35}},"29":{"start":{"line":75,"column":33},"end":{"line":87,"column":1}},"30":{"start":{"line":80,"column":2},"end":{"line":84,"column":3}},"31":{"start":{"line":81,"column":18},"end":{"line":81,"column":67}},"32":{"start":{"line":82,"column":4},"end":{"line":82,"column":53}},"33":{"start":{"line":83,"column":4},"end":{"line":83,"column":11}},"34":{"start":{"line":86,"column":2},"end":{"line":86,"column":9}},"35":{"start":{"line":75,"column":13},"end":{"line":75,"column":33}}},"fnMap":{"0":{"name":"(anonymous_1)","decl":{"start":{"line":13,"column":32},"end":{"line":13,"column":37}},"loc":{"start":{"line":17,"column":4},"end":{"line":31,"column":1}}},"1":{"name":"(anonymous_2)","decl":{"start":{"line":21,"column":12},"end":{"line":21,"column":13}},"loc":{"start":{"line":21,"column":23},"end":{"line":21,"column":32}}},"2":{"name":"(anonymous_3)","decl":{"start":{"line":33,"column":35},"end":{"line":33,"column":40}},"loc":{"start":{"line":37,"column":4},"end":{"line":54,"column":1}}},"3":{"name":"(anonymous_4)","decl":{"start":{"line":56,"column":35},"end":{"line":56,"column":40}},"loc":{"start":{"line":60,"column":4},"end":{"line":73,"column":1}}},"4":{"name":"(anonymous_5)","decl":{"start":{"line":68,"column":12},"end":{"line":68,"column":13}},"loc":{"start":{"line":68,"column":23},"end":{"line":68,"column":32}}},"5":{"name":"(anonymous_6)","decl":{"start":{"line":75,"column":33},"end":{"line":75,"column":38}},"loc":{"start":{"line":79,"column":4},"end":{"line":87,"column":1}}}},"branchMap":{"0":{"loc":{"start":{"line":26,"column":2},"end":{"line":29,"column":3}},"type":"if","locations":[{"start":{"line":26,"column":2},"end":{"line":29,"column":3}}]},"1":{"loc":{"start":{"line":42,"column":4},"end":{"line":46,"column":5}},"type":"if","locations":[{"start":{"line":42,"column":4},"end":{"line":46,"column":5}}]},"2":{"loc":{"start":{"line":80,"column":2},"end":{"line":84,"column":3}},"type":"if","locations":[{"start":{"line":80,"column":2},"end":{"line":84,"column":3}}]}},"s":{"0":2,"1":2,"2":2,"3":0,"4":0,"5":0,"6":0,"7":0,"8":0,"9":0,"10":2,"11":2,"12":3,"13":3,"14":3,"15":2,"16":1,"17":1,"18":1,"19":1,"20":1,"21":1,"22":2,"23":2,"24":0,"25":0,"26":0,"27":0,"28":2,"29":2,"30":3,"31":2,"32":2,"33":2,"34":1,"35":2},"f":{"0":0,"1":0,"2":3,"3":0,"4":0,"5":3},"b":{"0":[0],"1":[1],"2":[2]}}
,"C:\\datos\\cursos\\fullstack_nodejs_y_typescript\\CASHTRACKR\\backend\\src\\middleware\\expense.ts": {"path":"C:\\datos\\cursos\\fullstack_nodejs_y_typescript\\CASHTRACKR\\backend\\src\\middleware\\expense.ts","statementMap":{"0":{"start":{"line":2,"column":0},"end":{"line":2,"column":48}},"1":{"start":{"line":3,"column":0},"end":{"line":3,"column":41}},"2":{"start":{"line":14,"column":36},"end":{"line":34,"column":1}},"3":{"start":{"line":19,"column":2},"end":{"line":22,"column":14}},"4":{"start":{"line":24,"column":2},"end":{"line":31,"column":14}},"5":{"start":{"line":29,"column":23},"end":{"line":29,"column":32}},"6":{"start":{"line":33,"column":2},"end":{"line":33,"column":9}},"7":{"start":{"line":14,"column":13},"end":{"line":14,"column":36}},"8":{"start":{"line":36,"column":35},"end":{"line":48,"column":1}},"9":{"start":{"line":41,"column":2},"end":{"line":45,"column":14}},"10":{"start":{"line":43,"column":23},"end":{"line":43,"column":32}},"11":{"start":{"line":47,"column":2},"end":{"line":47,"column":9}},"12":{"start":{"line":36,"column":13},"end":{"line":36,"column":35}},"13":{"start":{"line":50,"column":36},"end":{"line":72,"column":1}},"14":{"start":{"line":55,"column":2},"end":{"line":71,"column":3}},"15":{"start":{"line":56,"column":36},"end":{"line":56,"column":46}},"16":{"start":{"line":58,"column":20},"end":{"line":58,"column":53}},"17":{"start":{"line":60,"column":4},"end":{"line":64,"column":5}},"18":{"start":{"line":61,"column":20},"end":{"line":61,"column":50}},"19":{"start":{"line":62,"column":6},"end":{"line":62,"column":55}},"20":{"start":{"line":63,"column":6},"end":{"line":63,"column":13}},"21":{"start":{"line":66,"column":4},"end":{"line":66,"column":26}},"22":{"start":{"line":68,"column":4},"end":{"line":68,"column":11}},"23":{"start":{"line":70,"column":4},"end":{"line":70,"column":57}},"24":{"start":{"line":50,"column":13},"end":{"line":50,"column":36}}},"fnMap":{"0":{"name":"(anonymous_1)","decl":{"start":{"line":14,"column":36},"end":{"line":14,"column":41}},"loc":{"start":{"line":18,"column":4},"end":{"line":34,"column":1}}},"1":{"name":"(anonymous_2)","decl":{"start":{"line":29,"column":12},"end":{"line":29,"column":13}},"loc":{"start":{"line":29,"column":23},"end":{"line":29,"column":32}}},"2":{"name":"(anonymous_3)","decl":{"start":{"line":36,"column":35},"end":{"line":36,"column":40}},"loc":{"start":{"line":40,"column":4},"end":{"line":48,"column":1}}},"3":{"name":"(anonymous_4)","decl":{"start":{"line":43,"column":12},"end":{"line":43,"column":13}},"loc":{"start":{"line":43,"column":23},"end":{"line":43,"column":32}}},"4":{"name":"(anonymous_5)","decl":{"start":{"line":50,"column":36},"end":{"line":50,"column":41}},"loc":{"start":{"line":54,"column":4},"end":{"line":72,"column":1}}}},"branchMap":{"0":{"loc":{"start":{"line":60,"column":4},"end":{"line":64,"column":5}},"type":"if","locations":[{"start":{"line":60,"column":4},"end":{"line":64,"column":5}}]}},"s":{"0":1,"1":1,"2":1,"3":0,"4":0,"5":0,"6":0,"7":1,"8":1,"9":0,"10":0,"11":0,"12":1,"13":1,"14":3,"15":3,"16":3,"17":2,"18":1,"19":1,"20":1,"21":1,"22":1,"23":1,"24":1},"f":{"0":0,"1":0,"2":0,"3":0,"4":3},"b":{"0":[1]}}
,"C:\\datos\\cursos\\fullstack_nodejs_y_typescript\\CASHTRACKR\\backend\\src\\models\\Budget.ts": {"path":"C:\\datos\\cursos\\fullstack_nodejs_y_typescript\\CASHTRACKR\\backend\\src\\models\\Budget.ts","statementMap":{"0":{"start":{"line":1,"column":0},"end":{"line":1,"column":null}},"1":{"start":{"line":11,"column":0},"end":{"line":11,"column":33}},"2":{"start":{"line":12,"column":0},"end":{"line":12,"column":26}},"3":{"start":{"line":18,"column":0},"end":{"line":42,"column":null}},"4":{"start":{"line":23,"column":10},"end":{"line":23,"column":null}},"5":{"start":{"line":29,"column":10},"end":{"line":29,"column":null}},"6":{"start":{"line":35,"column":10},"end":{"line":35,"column":null}},"7":{"start":{"line":31,"column":17},"end":{"line":31,"column":24}},"8":{"start":{"line":38,"column":10},"end":{"line":38,"column":null}},"9":{"start":{"line":37,"column":20},"end":{"line":37,"column":24}},"10":{"start":{"line":41,"column":10},"end":{"line":41,"column":null}},"11":{"start":{"line":40,"column":19},"end":{"line":40,"column":23}},"12":{"start":{"line":18,"column":6},"end":{"line":42,"column":null}},"13":{"start":{"line":44,"column":0},"end":{"line":44,"column":22}}},"fnMap":{"0":{"name":"(anonymous_3)","decl":{"start":{"line":31,"column":11},"end":{"line":31,"column":14}},"loc":{"start":{"line":31,"column":17},"end":{"line":31,"column":24}}},"1":{"name":"(anonymous_4)","decl":{"start":{"line":37,"column":14},"end":{"line":37,"column":17}},"loc":{"start":{"line":37,"column":20},"end":{"line":37,"column":24}}},"2":{"name":"(anonymous_5)","decl":{"start":{"line":40,"column":13},"end":{"line":40,"column":16}},"loc":{"start":{"line":40,"column":19},"end":{"line":40,"column":23}}}},"branchMap":{},"s":{"0":2,"1":2,"2":2,"3":2,"4":2,"5":2,"6":2,"7":0,"8":2,"9":0,"10":2,"11":0,"12":2,"13":2},"f":{"0":0,"1":0,"2":0},"b":{}}
,"C:\\datos\\cursos\\fullstack_nodejs_y_typescript\\CASHTRACKR\\backend\\src\\models\\User.ts": {"path":"C:\\datos\\cursos\\fullstack_nodejs_y_typescript\\CASHTRACKR\\backend\\src\\models\\User.ts","statementMap":{"0":{"start":{"line":1,"column":0},"end":{"line":1,"column":null}},"1":{"start":{"line":11,"column":0},"end":{"line":11,"column":30}},"2":{"start":{"line":17,"column":0},"end":{"line":53,"column":null}},"3":{"start":{"line":22,"column":10},"end":{"line":22,"column":null}},"4":{"start":{"line":28,"column":10},"end":{"line":28,"column":null}},"5":{"start":{"line":35,"column":10},"end":{"line":35,"column":null}},"6":{"start":{"line":40,"column":10},"end":{"line":40,"column":null}},"7":{"start":{"line":46,"column":10},"end":{"line":46,"column":null}},"8":{"start":{"line":52,"column":10},"end":{"line":52,"column":null}},"9":{"start":{"line":48,"column":17},"end":{"line":48,"column":23}},"10":{"start":{"line":17,"column":6},"end":{"line":53,"column":null}},"11":{"start":{"line":55,"column":0},"end":{"line":55,"column":20}}},"fnMap":{"0":{"name":"(anonymous_3)","decl":{"start":{"line":48,"column":11},"end":{"line":48,"column":14}},"loc":{"start":{"line":48,"column":17},"end":{"line":48,"column":23}}}},"branchMap":{},"s":{"0":2,"1":2,"2":2,"3":2,"4":2,"5":2,"6":2,"7":2,"8":2,"9":0,"10":2,"11":2},"f":{"0":0},"b":{}}
,"C:\\datos\\cursos\\fullstack_nodejs_y_typescript\\CASHTRACKR\\backend\\src\\models\\expenses.ts": {"path":"C:\\datos\\cursos\\fullstack_nodejs_y_typescript\\CASHTRACKR\\backend\\src\\models\\expenses.ts","statementMap":{"0":{"start":{"line":1,"column":0},"end":{"line":1,"column":null}},"1":{"start":{"line":11,"column":0},"end":{"line":11,"column":30}},"2":{"start":{"line":17,"column":0},"end":{"line":35,"column":null}},"3":{"start":{"line":22,"column":10},"end":{"line":22,"column":null}},"4":{"start":{"line":28,"column":10},"end":{"line":28,"column":null}},"5":{"start":{"line":31,"column":10},"end":{"line":31,"column":null}},"6":{"start":{"line":30,"column":20},"end":{"line":30,"column":26}},"7":{"start":{"line":34,"column":10},"end":{"line":34,"column":null}},"8":{"start":{"line":33,"column":19},"end":{"line":33,"column":25}},"9":{"start":{"line":17,"column":6},"end":{"line":35,"column":null}},"10":{"start":{"line":37,"column":0},"end":{"line":37,"column":23}}},"fnMap":{"0":{"name":"(anonymous_3)","decl":{"start":{"line":30,"column":14},"end":{"line":30,"column":17}},"loc":{"start":{"line":30,"column":20},"end":{"line":30,"column":26}}},"1":{"name":"(anonymous_4)","decl":{"start":{"line":33,"column":13},"end":{"line":33,"column":16}},"loc":{"start":{"line":33,"column":19},"end":{"line":33,"column":25}}}},"branchMap":{},"s":{"0":2,"1":2,"2":2,"3":2,"4":2,"5":2,"6":0,"7":2,"8":0,"9":2,"10":2},"f":{"0":0,"1":0},"b":{}}
,"C:\\datos\\cursos\\fullstack_nodejs_y_typescript\\CASHTRACKR\\backend\\src\\tests\\mocks\\budgets.ts": {"path":"C:\\datos\\cursos\\fullstack_nodejs_y_typescript\\CASHTRACKR\\backend\\src\\tests\\mocks\\budgets.ts","statementMap":{"0":{"start":{"line":1,"column":13},"end":{"line":71,"column":2}}},"fnMap":{},"branchMap":{},"s":{"0":4},"f":{},"b":{}}
,"C:\\datos\\cursos\\fullstack_nodejs_y_typescript\\CASHTRACKR\\backend\\src\\tests\\mocks\\expenses.ts": {"path":"C:\\datos\\cursos\\fullstack_nodejs_y_typescript\\CASHTRACKR\\backend\\src\\tests\\mocks\\expenses.ts","statementMap":{"0":{"start":{"line":1,"column":13},"end":{"line":26,"column":2}}},"fnMap":{},"branchMap":{},"s":{"0":2},"f":{},"b":{}}
,"C:\\datos\\cursos\\fullstack_nodejs_y_typescript\\CASHTRACKR\\backend\\src\\utils\\auth.ts": {"path":"C:\\datos\\cursos\\fullstack_nodejs_y_typescript\\CASHTRACKR\\backend\\src\\utils\\auth.ts","statementMap":{"0":{"start":{"line":1,"column":0},"end":{"line":1,"column":28}},"1":{"start":{"line":3,"column":28},"end":{"line":6,"column":1}},"2":{"start":{"line":4,"column":15},"end":{"line":4,"column":39}},"3":{"start":{"line":5,"column":2},"end":{"line":5,"column":43}},"4":{"start":{"line":3,"column":13},"end":{"line":3,"column":28}},"5":{"start":{"line":8,"column":29},"end":{"line":10,"column":1}},"6":{"start":{"line":9,"column":2},"end":{"line":9,"column":46}},"7":{"start":{"line":8,"column":13},"end":{"line":8,"column":29}}},"fnMap":{"0":{"name":"(anonymous_1)","decl":{"start":{"line":3,"column":28},"end":{"line":3,"column":33}},"loc":{"start":{"line":3,"column":55},"end":{"line":6,"column":1}}},"1":{"name":"(anonymous_2)","decl":{"start":{"line":8,"column":29},"end":{"line":8,"column":34}},"loc":{"start":{"line":8,"column":70},"end":{"line":10,"column":1}}}},"branchMap":{},"s":{"0":1,"1":1,"2":0,"3":0,"4":1,"5":1,"6":0,"7":1},"f":{"0":0,"1":0},"b":{}}
,"C:\\datos\\cursos\\fullstack_nodejs_y_typescript\\CASHTRACKR\\backend\\src\\utils\\jwt.ts": {"path":"C:\\datos\\cursos\\fullstack_nodejs_y_typescript\\CASHTRACKR\\backend\\src\\utils\\jwt.ts","statementMap":{"0":{"start":{"line":1,"column":0},"end":{"line":1,"column":31}},"1":{"start":{"line":2,"column":0},"end":{"line":2,"column":28}},"2":{"start":{"line":4,"column":0},"end":{"line":4,"column":16}},"3":{"start":{"line":6,"column":27},"end":{"line":12,"column":1}},"4":{"start":{"line":7,"column":16},"end":{"line":9,"column":4}},"5":{"start":{"line":11,"column":2},"end":{"line":11,"column":15}},"6":{"start":{"line":6,"column":13},"end":{"line":6,"column":27}}},"fnMap":{"0":{"name":"(anonymous_1)","decl":{"start":{"line":6,"column":27},"end":{"line":6,"column":28}},"loc":{"start":{"line":6,"column":50},"end":{"line":12,"column":1}}}},"branchMap":{},"s":{"0":1,"1":1,"2":1,"3":1,"4":0,"5":0,"6":1},"f":{"0":0},"b":{}}
,"C:\\datos\\cursos\\fullstack_nodejs_y_typescript\\CASHTRACKR\\backend\\src\\utils\\token.ts": {"path":"C:\\datos\\cursos\\fullstack_nodejs_y_typescript\\CASHTRACKR\\backend\\src\\utils\\token.ts","statementMap":{"0":{"start":{"line":1,"column":29},"end":{"line":2,"column":56}},"1":{"start":{"line":2,"column":2},"end":{"line":2,"column":56}},"2":{"start":{"line":1,"column":13},"end":{"line":1,"column":29}}},"fnMap":{"0":{"name":"(anonymous_0)","decl":{"start":{"line":1,"column":29},"end":{"line":1,"column":32}},"loc":{"start":{"line":2,"column":2},"end":{"line":2,"column":56}}}},"branchMap":{},"s":{"0":1,"1":0,"2":1},"f":{"0":0},"b":{}}
}
