{"C:\\datos\\cursos\\fullstack_nodejs_y_typescript\\CASHTRACKR\\backend\\src\\server.ts": {"path":"C:\\datos\\cursos\\fullstack_nodejs_y_typescript\\CASHTRACKR\\backend\\src\\server.ts","statementMap":{"0":{"start":{"line":9,"column":0},"end":{"line":9,"column":7}},"1":{"start":{"line":1,"column":0},"end":{"line":1,"column":30}},"2":{"start":{"line":3,"column":0},"end":{"line":3,"column":28}},"3":{"start":{"line":4,"column":0},"end":{"line":4,"column":33}},"4":{"start":{"line":5,"column":0},"end":{"line":5,"column":49}},"5":{"start":{"line":6,"column":0},"end":{"line":6,"column":45}},"6":{"start":{"line":7,"column":0},"end":{"line":7,"column":43}},"7":{"start":{"line":10,"column":2},"end":{"line":17,"column":3}},"8":{"start":{"line":11,"column":4},"end":{"line":11,"column":28}},"9":{"start":{"line":12,"column":4},"end":{"line":12,"column":14}},"10":{"start":{"line":20,"column":0},"end":{"line":20,"column":12}},"11":{"start":{"line":22,"column":12},"end":{"line":22,"column":21}},"12":{"start":{"line":24,"column":0},"end":{"line":24,"column":23}},"13":{"start":{"line":26,"column":0},"end":{"line":26,"column":24}},"14":{"start":{"line":29,"column":0},"end":{"line":29,"column":17}},"15":{"start":{"line":31,"column":0},"end":{"line":31,"column":38}},"16":{"start":{"line":32,"column":0},"end":{"line":32,"column":33}},"17":{"start":{"line":34,"column":0},"end":{"line":34,"column":19}}},"fnMap":{"0":{"name":"connectDb","decl":{"start":{"line":9,"column":22},"end":{"line":9,"column":31}},"loc":{"start":{"line":9,"column":31},"end":{"line":18,"column":1}}}},"branchMap":{},"s":{"0":1,"1":1,"2":1,"3":1,"4":1,"5":1,"6":1,"7":2,"8":2,"9":2,"10":1,"11":1,"12":1,"13":1,"14":1,"15":1,"16":1,"17":1},"f":{"0":2},"b":{}}
,"C:\\datos\\cursos\\fullstack_nodejs_y_typescript\\CASHTRACKR\\backend\\src\\config\\db.ts": {"path":"C:\\datos\\cursos\\fullstack_nodejs_y_typescript\\CASHTRACKR\\backend\\src\\config\\db.ts","statementMap":{"0":{"start":{"line":1,"column":0},"end":{"line":1,"column":49}},"1":{"start":{"line":2,"column":0},"end":{"line":2,"column":28}},"2":{"start":{"line":4,"column":0},"end":{"line":4,"column":16}},"3":{"start":{"line":6,"column":13},"end":{"line":10,"column":3}}},"fnMap":{},"branchMap":{},"s":{"0":1,"1":1,"2":1,"3":1},"f":{},"b":{}}
,"C:\\datos\\cursos\\fullstack_nodejs_y_typescript\\CASHTRACKR\\backend\\src\\config\\limiter.ts": {"path":"C:\\datos\\cursos\\fullstack_nodejs_y_typescript\\CASHTRACKR\\backend\\src\\config\\limiter.ts","statementMap":{"0":{"start":{"line":1,"column":0},"end":{"line":1,"column":47}},"1":{"start":{"line":3,"column":13},"end":{"line":7,"column":3}}},"fnMap":{},"branchMap":{"0":{"loc":{"start":{"line":5,"column":9},"end":{"line":5,"column":56}},"type":"cond-expr","locations":[{"start":{"line":5,"column":49},"end":{"line":5,"column":50}},{"start":{"line":5,"column":53},"end":{"line":5,"column":56}}]}},"s":{"0":1,"1":1},"f":{},"b":{"0":[0,1]}}
,"C:\\datos\\cursos\\fullstack_nodejs_y_typescript\\CASHTRACKR\\backend\\src\\config\\nodemailer.ts": {"path":"C:\\datos\\cursos\\fullstack_nodejs_y_typescript\\CASHTRACKR\\backend\\src\\config\\nodemailer.ts","statementMap":{"0":{"start":{"line":1,"column":0},"end":{"line":1,"column":36}},"1":{"start":{"line":2,"column":0},"end":{"line":2,"column":28}},"2":{"start":{"line":4,"column":0},"end":{"line":4,"column":16}},"3":{"start":{"line":6,"column":15},"end":{"line":15,"column":1}},"4":{"start":{"line":7,"column":2},"end":{"line":14,"column":4}},"5":{"start":{"line":18,"column":13},"end":{"line":18,"column":62}}},"fnMap":{"0":{"name":"(anonymous_1)","decl":{"start":{"line":6,"column":15},"end":{"line":6,"column":18}},"loc":{"start":{"line":6,"column":20},"end":{"line":15,"column":1}}}},"branchMap":{},"s":{"0":2,"1":2,"2":2,"3":2,"4":2,"5":2},"f":{"0":2},"b":{}}
,"C:\\datos\\cursos\\fullstack_nodejs_y_typescript\\CASHTRACKR\\backend\\src\\controllers\\AuthController.ts": {"path":"C:\\datos\\cursos\\fullstack_nodejs_y_typescript\\CASHTRACKR\\backend\\src\\controllers\\AuthController.ts","statementMap":{"0":{"start":{"line":2,"column":0},"end":{"line":2,"column":34}},"1":{"start":{"line":3,"column":0},"end":{"line":3,"column":60}},"2":{"start":{"line":4,"column":0},"end":{"line":4,"column":47}},"3":{"start":{"line":5,"column":0},"end":{"line":5,"column":48}},"4":{"start":{"line":6,"column":0},"end":{"line":6,"column":43}},"5":{"start":{"line":9,"column":25},"end":{"line":42,"column":3}},"6":{"start":{"line":10,"column":32},"end":{"line":10,"column":40}},"7":{"start":{"line":13,"column":23},"end":{"line":13,"column":63}},"8":{"start":{"line":14,"column":4},"end":{"line":18,"column":5}},"9":{"start":{"line":15,"column":20},"end":{"line":15,"column":53}},"10":{"start":{"line":16,"column":6},"end":{"line":16,"column":55}},"11":{"start":{"line":17,"column":6},"end":{"line":17,"column":13}},"12":{"start":{"line":19,"column":4},"end":{"line":41,"column":5}},"13":{"start":{"line":20,"column":19},"end":{"line":20,"column":46}},"14":{"start":{"line":21,"column":6},"end":{"line":21,"column":51}},"15":{"start":{"line":22,"column":20},"end":{"line":22,"column":35}},"16":{"start":{"line":23,"column":6},"end":{"line":23,"column":25}},"17":{"start":{"line":25,"column":6},"end":{"line":27,"column":7}},"18":{"start":{"line":26,"column":8},"end":{"line":26,"column":55}},"19":{"start":{"line":29,"column":6},"end":{"line":29,"column":24}},"20":{"start":{"line":31,"column":6},"end":{"line":35,"column":9}},"21":{"start":{"line":37,"column":6},"end":{"line":37,"column":72}},"22":{"start":{"line":40,"column":6},"end":{"line":40,"column":65}},"23":{"start":{"line":44,"column":26},"end":{"line":60,"column":3}},"24":{"start":{"line":45,"column":22},"end":{"line":45,"column":30}},"25":{"start":{"line":46,"column":17},"end":{"line":46,"column":57}},"26":{"start":{"line":48,"column":4},"end":{"line":52,"column":5}},"27":{"start":{"line":49,"column":20},"end":{"line":49,"column":48}},"28":{"start":{"line":50,"column":6},"end":{"line":50,"column":55}},"29":{"start":{"line":51,"column":6},"end":{"line":51,"column":13}},"30":{"start":{"line":53,"column":4},"end":{"line":53,"column":26}},"31":{"start":{"line":54,"column":4},"end":{"line":54,"column":22}},"32":{"start":{"line":55,"column":4},"end":{"line":55,"column":22}},"33":{"start":{"line":57,"column":4},"end":{"line":57,"column":59}},"34":{"start":{"line":58,"column":4},"end":{"line":59,"column":22}},"35":{"start":{"line":62,"column":17},"end":{"line":90,"column":3}},"36":{"start":{"line":63,"column":32},"end":{"line":63,"column":40}},"37":{"start":{"line":65,"column":17},"end":{"line":65,"column":57}},"38":{"start":{"line":67,"column":4},"end":{"line":71,"column":5}},"39":{"start":{"line":68,"column":20},"end":{"line":68,"column":47}},"40":{"start":{"line":69,"column":6},"end":{"line":69,"column":55}},"41":{"start":{"line":70,"column":6},"end":{"line":70,"column":13}},"42":{"start":{"line":73,"column":4},"end":{"line":77,"column":5}},"43":{"start":{"line":74,"column":20},"end":{"line":74,"column":54}},"44":{"start":{"line":75,"column":6},"end":{"line":75,"column":55}},"45":{"start":{"line":76,"column":6},"end":{"line":76,"column":13}},"46":{"start":{"line":79,"column":26},"end":{"line":79,"column":70}},"47":{"start":{"line":81,"column":4},"end":{"line":85,"column":5}},"48":{"start":{"line":82,"column":20},"end":{"line":82,"column":54}},"49":{"start":{"line":83,"column":6},"end":{"line":83,"column":55}},"50":{"start":{"line":84,"column":6},"end":{"line":84,"column":13}},"51":{"start":{"line":87,"column":21},"end":{"line":87,"column":41}},"52":{"start":{"line":89,"column":4},"end":{"line":89,"column":46}},"53":{"start":{"line":92,"column":26},"end":{"line":113,"column":3}},"54":{"start":{"line":93,"column":22},"end":{"line":93,"column":30}},"55":{"start":{"line":95,"column":17},"end":{"line":95,"column":57}},"56":{"start":{"line":97,"column":4},"end":{"line":101,"column":5}},"57":{"start":{"line":98,"column":20},"end":{"line":98,"column":47}},"58":{"start":{"line":99,"column":6},"end":{"line":99,"column":55}},"59":{"start":{"line":100,"column":6},"end":{"line":100,"column":13}},"60":{"start":{"line":103,"column":4},"end":{"line":103,"column":33}},"61":{"start":{"line":104,"column":4},"end":{"line":104,"column":22}},"62":{"start":{"line":106,"column":4},"end":{"line":110,"column":7}},"63":{"start":{"line":112,"column":4},"end":{"line":112,"column":58}},"64":{"start":{"line":115,"column":25},"end":{"line":126,"column":3}},"65":{"start":{"line":116,"column":22},"end":{"line":116,"column":30}},"66":{"start":{"line":117,"column":24},"end":{"line":117,"column":64}},"67":{"start":{"line":119,"column":4},"end":{"line":123,"column":5}},"68":{"start":{"line":120,"column":20},"end":{"line":120,"column":48}},"69":{"start":{"line":121,"column":6},"end":{"line":121,"column":55}},"70":{"start":{"line":122,"column":6},"end":{"line":122,"column":13}},"71":{"start":{"line":125,"column":4},"end":{"line":125,"column":56}},"72":{"start":{"line":128,"column":34},"end":{"line":145,"column":3}},"73":{"start":{"line":129,"column":22},"end":{"line":129,"column":32}},"74":{"start":{"line":130,"column":25},"end":{"line":130,"column":33}},"75":{"start":{"line":132,"column":17},"end":{"line":132,"column":57}},"76":{"start":{"line":134,"column":4},"end":{"line":138,"column":5}},"77":{"start":{"line":135,"column":20},"end":{"line":135,"column":48}},"78":{"start":{"line":136,"column":6},"end":{"line":136,"column":55}},"79":{"start":{"line":137,"column":6},"end":{"line":137,"column":13}},"80":{"start":{"line":140,"column":4},"end":{"line":140,"column":49}},"81":{"start":{"line":141,"column":4},"end":{"line":141,"column":22}},"82":{"start":{"line":142,"column":4},"end":{"line":142,"column":22}},"83":{"start":{"line":144,"column":4},"end":{"line":144,"column":70}},"84":{"start":{"line":147,"column":16},"end":{"line":150,"column":3}},"85":{"start":{"line":149,"column":4},"end":{"line":149,"column":35}},"86":{"start":{"line":152,"column":37},"end":{"line":174,"column":3}},"87":{"start":{"line":153,"column":43},"end":{"line":153,"column":51}},"88":{"start":{"line":155,"column":19},"end":{"line":155,"column":27}},"89":{"start":{"line":157,"column":17},"end":{"line":157,"column":40}},"90":{"start":{"line":159,"column":30},"end":{"line":161,"column":null}},"91":{"start":{"line":164,"column":4},"end":{"line":168,"column":5}},"92":{"start":{"line":165,"column":20},"end":{"line":165,"column":62}},"93":{"start":{"line":166,"column":6},"end":{"line":166,"column":55}},"94":{"start":{"line":167,"column":6},"end":{"line":167,"column":13}},"95":{"start":{"line":170,"column":4},"end":{"line":170,"column":49}},"96":{"start":{"line":171,"column":4},"end":{"line":171,"column":22}},"97":{"start":{"line":173,"column":4},"end":{"line":173,"column":69}},"98":{"start":{"line":176,"column":25},"end":{"line":192,"column":3}},"99":{"start":{"line":177,"column":25},"end":{"line":177,"column":33}},"100":{"start":{"line":179,"column":19},"end":{"line":179,"column":27}},"101":{"start":{"line":181,"column":17},"end":{"line":181,"column":40}},"102":{"start":{"line":183,"column":30},"end":{"line":183,"column":74}},"103":{"start":{"line":185,"column":4},"end":{"line":189,"column":5}},"104":{"start":{"line":186,"column":20},"end":{"line":186,"column":54}},"105":{"start":{"line":187,"column":6},"end":{"line":187,"column":55}},"106":{"start":{"line":188,"column":6},"end":{"line":188,"column":13}},"107":{"start":{"line":191,"column":4},"end":{"line":191,"column":61}},"108":{"start":{"line":8,"column":0},"end":{"line":8,"column":13}}},"fnMap":{"0":{"name":"(anonymous_1)","decl":{"start":{"line":9,"column":25},"end":{"line":9,"column":30}},"loc":{"start":{"line":9,"column":63},"end":{"line":42,"column":3}}},"1":{"name":"(anonymous_2)","decl":{"start":{"line":44,"column":26},"end":{"line":44,"column":31}},"loc":{"start":{"line":44,"column":64},"end":{"line":60,"column":3}}},"2":{"name":"(anonymous_3)","decl":{"start":{"line":62,"column":17},"end":{"line":62,"column":22}},"loc":{"start":{"line":62,"column":55},"end":{"line":90,"column":3}}},"3":{"name":"(anonymous_4)","decl":{"start":{"line":92,"column":26},"end":{"line":92,"column":31}},"loc":{"start":{"line":92,"column":64},"end":{"line":113,"column":3}}},"4":{"name":"(anonymous_5)","decl":{"start":{"line":115,"column":25},"end":{"line":115,"column":30}},"loc":{"start":{"line":115,"column":63},"end":{"line":126,"column":3}}},"5":{"name":"(anonymous_6)","decl":{"start":{"line":128,"column":34},"end":{"line":128,"column":39}},"loc":{"start":{"line":128,"column":72},"end":{"line":145,"column":3}}},"6":{"name":"(anonymous_7)","decl":{"start":{"line":147,"column":16},"end":{"line":147,"column":21}},"loc":{"start":{"line":147,"column":54},"end":{"line":150,"column":3}}},"7":{"name":"(anonymous_8)","decl":{"start":{"line":152,"column":37},"end":{"line":152,"column":42}},"loc":{"start":{"line":152,"column":75},"end":{"line":174,"column":3}}},"8":{"name":"(anonymous_9)","decl":{"start":{"line":176,"column":25},"end":{"line":176,"column":30}},"loc":{"start":{"line":176,"column":63},"end":{"line":192,"column":3}}}},"branchMap":{"0":{"loc":{"start":{"line":14,"column":4},"end":{"line":18,"column":5}},"type":"if","locations":[{"start":{"line":14,"column":4},"end":{"line":18,"column":5}}]},"1":{"loc":{"start":{"line":25,"column":6},"end":{"line":27,"column":7}},"type":"if","locations":[{"start":{"line":25,"column":6},"end":{"line":27,"column":7}}]},"2":{"loc":{"start":{"line":48,"column":4},"end":{"line":52,"column":5}},"type":"if","locations":[{"start":{"line":48,"column":4},"end":{"line":52,"column":5}}]},"3":{"loc":{"start":{"line":67,"column":4},"end":{"line":71,"column":5}},"type":"if","locations":[{"start":{"line":67,"column":4},"end":{"line":71,"column":5}}]},"4":{"loc":{"start":{"line":73,"column":4},"end":{"line":77,"column":5}},"type":"if","locations":[{"start":{"line":73,"column":4},"end":{"line":77,"column":5}}]},"5":{"loc":{"start":{"line":81,"column":4},"end":{"line":85,"column":5}},"type":"if","locations":[{"start":{"line":81,"column":4},"end":{"line":85,"column":5}}]},"6":{"loc":{"start":{"line":97,"column":4},"end":{"line":101,"column":5}},"type":"if","locations":[{"start":{"line":97,"column":4},"end":{"line":101,"column":5}}]},"7":{"loc":{"start":{"line":119,"column":4},"end":{"line":123,"column":5}},"type":"if","locations":[{"start":{"line":119,"column":4},"end":{"line":123,"column":5}}]},"8":{"loc":{"start":{"line":134,"column":4},"end":{"line":138,"column":5}},"type":"if","locations":[{"start":{"line":134,"column":4},"end":{"line":138,"column":5}}]},"9":{"loc":{"start":{"line":164,"column":4},"end":{"line":168,"column":5}},"type":"if","locations":[{"start":{"line":164,"column":4},"end":{"line":168,"column":5}}]},"10":{"loc":{"start":{"line":185,"column":4},"end":{"line":189,"column":5}},"type":"if","locations":[{"start":{"line":185,"column":4},"end":{"line":189,"column":5}}]}},"s":{"0":2,"1":2,"2":2,"3":2,"4":2,"5":2,"6":5,"7":5,"8":5,"9":3,"10":3,"11":3,"12":2,"13":2,"14":2,"15":2,"16":2,"17":2,"18":2,"19":2,"20":2,"21":2,"22":0,"23":2,"24":2,"25":2,"26":2,"27":1,"28":1,"29":1,"30":1,"31":1,"32":1,"33":1,"34":1,"35":2,"36":14,"37":14,"38":14,"39":2,"40":2,"41":2,"42":12,"43":3,"44":3,"45":3,"46":9,"47":9,"48":2,"49":2,"50":2,"51":7,"52":7,"53":2,"54":0,"55":0,"56":0,"57":0,"58":0,"59":0,"60":0,"61":0,"62":0,"63":0,"64":2,"65":0,"66":0,"67":0,"68":0,"69":0,"70":0,"71":0,"72":2,"73":0,"74":0,"75":0,"76":0,"77":0,"78":0,"79":0,"80":0,"81":0,"82":0,"83":0,"84":2,"85":0,"86":2,"87":0,"88":0,"89":0,"90":0,"91":0,"92":0,"93":0,"94":0,"95":0,"96":0,"97":0,"98":2,"99":0,"100":0,"101":0,"102":0,"103":0,"104":0,"105":0,"106":0,"107":0,"108":2},"f":{"0":5,"1":2,"2":14,"3":0,"4":0,"5":0,"6":0,"7":0,"8":0},"b":{"0":[3],"1":[2],"2":[1],"3":[2],"4":[3],"5":[2],"6":[0],"7":[0],"8":[0],"9":[0],"10":[0]}}
,"C:\\datos\\cursos\\fullstack_nodejs_y_typescript\\CASHTRACKR\\backend\\src\\controllers\\BudgetController.ts": {"path":"C:\\datos\\cursos\\fullstack_nodejs_y_typescript\\CASHTRACKR\\backend\\src\\controllers\\BudgetController.ts","statementMap":{"0":{"start":{"line":2,"column":0},"end":{"line":2,"column":38}},"1":{"start":{"line":3,"column":0},"end":{"line":3,"column":41}},"2":{"start":{"line":6,"column":18},"end":{"line":18,"column":3}},"3":{"start":{"line":7,"column":4},"end":{"line":17,"column":5}},"4":{"start":{"line":8,"column":22},"end":{"line":13,"column":8}},"5":{"start":{"line":14,"column":6},"end":{"line":14,"column":36}},"6":{"start":{"line":16,"column":6},"end":{"line":16,"column":59}},"7":{"start":{"line":20,"column":18},"end":{"line":32,"column":3}},"8":{"start":{"line":21,"column":4},"end":{"line":31,"column":5}},"9":{"start":{"line":22,"column":21},"end":{"line":22,"column":50}},"10":{"start":{"line":24,"column":6},"end":{"line":24,"column":34}},"11":{"start":{"line":26,"column":6},"end":{"line":26,"column":26}},"12":{"start":{"line":27,"column":6},"end":{"line":27,"column":57}},"13":{"start":{"line":30,"column":6},"end":{"line":30,"column":59}},"14":{"start":{"line":34,"column":25},"end":{"line":40,"column":3}},"15":{"start":{"line":35,"column":19},"end":{"line":37,"column":6}},"16":{"start":{"line":39,"column":4},"end":{"line":39,"column":37}},"17":{"start":{"line":42,"column":28},"end":{"line":49,"column":3}},"18":{"start":{"line":43,"column":23},"end":{"line":43,"column":26}},"19":{"start":{"line":46,"column":4},"end":{"line":46,"column":34}},"20":{"start":{"line":48,"column":4},"end":{"line":48,"column":68}},"21":{"start":{"line":51,"column":28},"end":{"line":57,"column":3}},"22":{"start":{"line":52,"column":23},"end":{"line":52,"column":26}},"23":{"start":{"line":54,"column":4},"end":{"line":54,"column":27}},"24":{"start":{"line":56,"column":4},"end":{"line":56,"column":68}},"25":{"start":{"line":5,"column":0},"end":{"line":5,"column":13}}},"fnMap":{"0":{"name":"(anonymous_1)","decl":{"start":{"line":6,"column":18},"end":{"line":6,"column":23}},"loc":{"start":{"line":6,"column":56},"end":{"line":18,"column":3}}},"1":{"name":"(anonymous_2)","decl":{"start":{"line":20,"column":18},"end":{"line":20,"column":23}},"loc":{"start":{"line":20,"column":56},"end":{"line":32,"column":3}}},"2":{"name":"(anonymous_3)","decl":{"start":{"line":34,"column":25},"end":{"line":34,"column":30}},"loc":{"start":{"line":34,"column":63},"end":{"line":40,"column":3}}},"3":{"name":"(anonymous_4)","decl":{"start":{"line":42,"column":28},"end":{"line":42,"column":33}},"loc":{"start":{"line":42,"column":66},"end":{"line":49,"column":3}}},"4":{"name":"(anonymous_5)","decl":{"start":{"line":51,"column":28},"end":{"line":51,"column":33}},"loc":{"start":{"line":51,"column":66},"end":{"line":57,"column":3}}}},"branchMap":{},"s":{"0":2,"1":2,"2":2,"3":5,"4":5,"5":4,"6":1,"7":2,"8":3,"9":3,"10":2,"11":2,"12":2,"13":1,"14":2,"15":4,"16":4,"17":2,"18":2,"19":2,"20":2,"21":2,"22":2,"23":2,"24":2,"25":2},"f":{"0":5,"1":3,"2":4,"3":2,"4":2},"b":{}}
,"C:\\datos\\cursos\\fullstack_nodejs_y_typescript\\CASHTRACKR\\backend\\src\\controllers\\ExpenseController.ts": {"path":"C:\\datos\\cursos\\fullstack_nodejs_y_typescript\\CASHTRACKR\\backend\\src\\controllers\\ExpenseController.ts","statementMap":{"0":{"start":{"line":2,"column":0},"end":{"line":2,"column":41}},"1":{"start":{"line":7,"column":18},"end":{"line":18,"column":3}},"2":{"start":{"line":9,"column":4},"end":{"line":17,"column":5}},"3":{"start":{"line":10,"column":22},"end":{"line":10,"column":52}},"4":{"start":{"line":11,"column":6},"end":{"line":11,"column":39}},"5":{"start":{"line":12,"column":6},"end":{"line":12,"column":27}},"6":{"start":{"line":13,"column":6},"end":{"line":13,"column":59}},"7":{"start":{"line":16,"column":6},"end":{"line":16,"column":59}},"8":{"start":{"line":20,"column":19},"end":{"line":22,"column":3}},"9":{"start":{"line":21,"column":4},"end":{"line":21,"column":38}},"10":{"start":{"line":24,"column":22},"end":{"line":27,"column":3}},"11":{"start":{"line":25,"column":4},"end":{"line":25,"column":39}},"12":{"start":{"line":26,"column":4},"end":{"line":26,"column":62}},"13":{"start":{"line":29,"column":22},"end":{"line":32,"column":3}},"14":{"start":{"line":30,"column":4},"end":{"line":30,"column":32}},"15":{"start":{"line":31,"column":4},"end":{"line":31,"column":62}},"16":{"start":{"line":4,"column":0},"end":{"line":4,"column":13}}},"fnMap":{"0":{"name":"(anonymous_1)","decl":{"start":{"line":7,"column":18},"end":{"line":7,"column":23}},"loc":{"start":{"line":7,"column":56},"end":{"line":18,"column":3}}},"1":{"name":"(anonymous_2)","decl":{"start":{"line":20,"column":19},"end":{"line":20,"column":24}},"loc":{"start":{"line":20,"column":57},"end":{"line":22,"column":3}}},"2":{"name":"(anonymous_3)","decl":{"start":{"line":24,"column":22},"end":{"line":24,"column":27}},"loc":{"start":{"line":24,"column":60},"end":{"line":27,"column":3}}},"3":{"name":"(anonymous_4)","decl":{"start":{"line":29,"column":22},"end":{"line":29,"column":27}},"loc":{"start":{"line":29,"column":60},"end":{"line":32,"column":3}}}},"branchMap":{},"s":{"0":2,"1":2,"2":2,"3":2,"4":1,"5":1,"6":1,"7":1,"8":2,"9":1,"10":2,"11":1,"12":1,"13":2,"14":1,"15":1,"16":2},"f":{"0":2,"1":1,"2":1,"3":1},"b":{}}
,"C:\\datos\\cursos\\fullstack_nodejs_y_typescript\\CASHTRACKR\\backend\\src\\emails\\AuthEmail.ts": {"path":"C:\\datos\\cursos\\fullstack_nodejs_y_typescript\\CASHTRACKR\\backend\\src\\emails\\AuthEmail.ts","statementMap":{"0":{"start":{"line":1,"column":0},"end":{"line":1,"column":49}},"1":{"start":{"line":10,"column":33},"end":{"line":23,"column":3}},"2":{"start":{"line":11,"column":18},"end":{"line":21,"column":6}},"3":{"start":{"line":25,"column":34},"end":{"line":38,"column":3}},"4":{"start":{"line":26,"column":18},"end":{"line":36,"column":6}},"5":{"start":{"line":9,"column":0},"end":{"line":9,"column":13}}},"fnMap":{"0":{"name":"(anonymous_0)","decl":{"start":{"line":10,"column":33},"end":{"line":10,"column":38}},"loc":{"start":{"line":10,"column":59},"end":{"line":23,"column":3}}},"1":{"name":"(anonymous_1)","decl":{"start":{"line":25,"column":34},"end":{"line":25,"column":39}},"loc":{"start":{"line":25,"column":60},"end":{"line":38,"column":3}}}},"branchMap":{},"s":{"0":2,"1":2,"2":1,"3":2,"4":0,"5":2},"f":{"0":1,"1":0},"b":{}}
,"C:\\datos\\cursos\\fullstack_nodejs_y_typescript\\CASHTRACKR\\backend\\src\\middleware\\auth.ts": {"path":"C:\\datos\\cursos\\fullstack_nodejs_y_typescript\\CASHTRACKR\\backend\\src\\middleware\\auth.ts","statementMap":{"0":{"start":{"line":2,"column":0},"end":{"line":2,"column":34}},"1":{"start":{"line":3,"column":0},"end":{"line":3,"column":31}},"2":{"start":{"line":13,"column":28},"end":{"line":47,"column":1}},"3":{"start":{"line":18,"column":17},"end":{"line":18,"column":42}},"4":{"start":{"line":20,"column":2},"end":{"line":24,"column":3}},"5":{"start":{"line":21,"column":18},"end":{"line":21,"column":45}},"6":{"start":{"line":22,"column":4},"end":{"line":22,"column":53}},"7":{"start":{"line":23,"column":4},"end":{"line":23,"column":11}},"8":{"start":{"line":26,"column":20},"end":{"line":26,"column":37}},"9":{"start":{"line":28,"column":2},"end":{"line":31,"column":3}},"10":{"start":{"line":29,"column":18},"end":{"line":29,"column":45}},"11":{"start":{"line":30,"column":4},"end":{"line":30,"column":53}},"12":{"start":{"line":33,"column":2},"end":{"line":46,"column":3}},"13":{"start":{"line":34,"column":20},"end":{"line":34,"column":61}},"14":{"start":{"line":36,"column":4},"end":{"line":42,"column":5}},"15":{"start":{"line":37,"column":6},"end":{"line":39,"column":9}},"16":{"start":{"line":41,"column":6},"end":{"line":41,"column":13}},"17":{"start":{"line":45,"column":4},"end":{"line":45,"column":57}},"18":{"start":{"line":13,"column":13},"end":{"line":13,"column":28}}},"fnMap":{"0":{"name":"(anonymous_1)","decl":{"start":{"line":13,"column":28},"end":{"line":13,"column":33}},"loc":{"start":{"line":17,"column":4},"end":{"line":47,"column":1}}}},"branchMap":{"0":{"loc":{"start":{"line":20,"column":2},"end":{"line":24,"column":3}},"type":"if","locations":[{"start":{"line":20,"column":2},"end":{"line":24,"column":3}}]},"1":{"loc":{"start":{"line":28,"column":2},"end":{"line":31,"column":3}},"type":"if","locations":[{"start":{"line":28,"column":2},"end":{"line":31,"column":3}}]},"2":{"loc":{"start":{"line":36,"column":4},"end":{"line":42,"column":5}},"type":"if","locations":[{"start":{"line":36,"column":4},"end":{"line":42,"column":5}}]},"3":{"loc":{"start":{"line":36,"column":8},"end":{"line":36,"column":49}},"type":"binary-expr","locations":[{"start":{"line":36,"column":8},"end":{"line":36,"column":35}},{"start":{"line":36,"column":39},"end":{"line":36,"column":49}}]}},"s":{"0":1,"1":1,"2":1,"3":17,"4":17,"5":5,"6":5,"7":5,"8":12,"9":12,"10":0,"11":0,"12":12,"13":12,"14":11,"15":11,"16":11,"17":1,"18":1},"f":{"0":17},"b":{"0":[5],"1":[0],"2":[11],"3":[11,11]}}
,"C:\\datos\\cursos\\fullstack_nodejs_y_typescript\\CASHTRACKR\\backend\\src\\middleware\\budget.ts": {"path":"C:\\datos\\cursos\\fullstack_nodejs_y_typescript\\CASHTRACKR\\backend\\src\\middleware\\budget.ts","statementMap":{"0":{"start":{"line":2,"column":0},"end":{"line":2,"column":66}},"1":{"start":{"line":3,"column":0},"end":{"line":3,"column":38}},"2":{"start":{"line":13,"column":32},"end":{"line":33,"column":1}},"3":{"start":{"line":18,"column":2},"end":{"line":25,"column":14}},"4":{"start":{"line":22,"column":23},"end":{"line":22,"column":32}},"5":{"start":{"line":27,"column":15},"end":{"line":27,"column":36}},"6":{"start":{"line":28,"column":2},"end":{"line":31,"column":3}},"7":{"start":{"line":29,"column":4},"end":{"line":29,"column":53}},"8":{"start":{"line":30,"column":4},"end":{"line":30,"column":11}},"9":{"start":{"line":32,"column":2},"end":{"line":32,"column":9}},"10":{"start":{"line":13,"column":13},"end":{"line":13,"column":32}},"11":{"start":{"line":35,"column":35},"end":{"line":56,"column":1}},"12":{"start":{"line":40,"column":2},"end":{"line":55,"column":3}},"13":{"start":{"line":41,"column":25},"end":{"line":41,"column":35}},"14":{"start":{"line":42,"column":19},"end":{"line":42,"column":50}},"15":{"start":{"line":44,"column":4},"end":{"line":48,"column":5}},"16":{"start":{"line":45,"column":20},"end":{"line":45,"column":49}},"17":{"start":{"line":46,"column":6},"end":{"line":46,"column":55}},"18":{"start":{"line":47,"column":6},"end":{"line":47,"column":13}},"19":{"start":{"line":50,"column":4},"end":{"line":50,"column":24}},"20":{"start":{"line":52,"column":4},"end":{"line":52,"column":11}},"21":{"start":{"line":54,"column":4},"end":{"line":54,"column":57}},"22":{"start":{"line":35,"column":13},"end":{"line":35,"column":35}},"23":{"start":{"line":58,"column":35},"end":{"line":75,"column":1}},"24":{"start":{"line":63,"column":2},"end":{"line":63,"column":73}},"25":{"start":{"line":65,"column":2},"end":{"line":72,"column":14}},"26":{"start":{"line":70,"column":23},"end":{"line":70,"column":32}},"27":{"start":{"line":74,"column":2},"end":{"line":74,"column":9}},"28":{"start":{"line":58,"column":13},"end":{"line":58,"column":35}},"29":{"start":{"line":77,"column":33},"end":{"line":89,"column":1}},"30":{"start":{"line":82,"column":2},"end":{"line":86,"column":3}},"31":{"start":{"line":83,"column":18},"end":{"line":83,"column":67}},"32":{"start":{"line":84,"column":4},"end":{"line":84,"column":53}},"33":{"start":{"line":85,"column":4},"end":{"line":85,"column":11}},"34":{"start":{"line":88,"column":2},"end":{"line":88,"column":9}},"35":{"start":{"line":77,"column":13},"end":{"line":77,"column":33}}},"fnMap":{"0":{"name":"(anonymous_1)","decl":{"start":{"line":13,"column":32},"end":{"line":13,"column":37}},"loc":{"start":{"line":17,"column":4},"end":{"line":33,"column":1}}},"1":{"name":"(anonymous_2)","decl":{"start":{"line":22,"column":12},"end":{"line":22,"column":13}},"loc":{"start":{"line":22,"column":23},"end":{"line":22,"column":32}}},"2":{"name":"(anonymous_3)","decl":{"start":{"line":35,"column":35},"end":{"line":35,"column":40}},"loc":{"start":{"line":39,"column":4},"end":{"line":56,"column":1}}},"3":{"name":"(anonymous_4)","decl":{"start":{"line":58,"column":35},"end":{"line":58,"column":40}},"loc":{"start":{"line":62,"column":4},"end":{"line":75,"column":1}}},"4":{"name":"(anonymous_5)","decl":{"start":{"line":70,"column":12},"end":{"line":70,"column":13}},"loc":{"start":{"line":70,"column":23},"end":{"line":70,"column":32}}},"5":{"name":"(anonymous_6)","decl":{"start":{"line":77,"column":33},"end":{"line":77,"column":38}},"loc":{"start":{"line":81,"column":4},"end":{"line":89,"column":1}}}},"branchMap":{"0":{"loc":{"start":{"line":28,"column":2},"end":{"line":31,"column":3}},"type":"if","locations":[{"start":{"line":28,"column":2},"end":{"line":31,"column":3}}]},"1":{"loc":{"start":{"line":44,"column":4},"end":{"line":48,"column":5}},"type":"if","locations":[{"start":{"line":44,"column":4},"end":{"line":48,"column":5}}]},"2":{"loc":{"start":{"line":82,"column":2},"end":{"line":86,"column":3}},"type":"if","locations":[{"start":{"line":82,"column":2},"end":{"line":86,"column":3}}]}},"s":{"0":3,"1":3,"2":3,"3":8,"4":5,"5":8,"6":8,"7":3,"8":3,"9":5,"10":3,"11":3,"12":8,"13":8,"14":8,"15":7,"16":3,"17":3,"18":3,"19":4,"20":4,"21":1,"22":3,"23":3,"24":3,"25":3,"26":3,"27":3,"28":3,"29":3,"30":6,"31":2,"32":2,"33":2,"34":4,"35":3},"f":{"0":8,"1":5,"2":8,"3":3,"4":3,"5":6},"b":{"0":[3],"1":[3],"2":[2]}}
,"C:\\datos\\cursos\\fullstack_nodejs_y_typescript\\CASHTRACKR\\backend\\src\\middleware\\expense.ts": {"path":"C:\\datos\\cursos\\fullstack_nodejs_y_typescript\\CASHTRACKR\\backend\\src\\middleware\\expense.ts","statementMap":{"0":{"start":{"line":2,"column":0},"end":{"line":2,"column":48}},"1":{"start":{"line":3,"column":0},"end":{"line":3,"column":41}},"2":{"start":{"line":14,"column":36},"end":{"line":34,"column":1}},"3":{"start":{"line":19,"column":2},"end":{"line":22,"column":14}},"4":{"start":{"line":24,"column":2},"end":{"line":31,"column":14}},"5":{"start":{"line":29,"column":23},"end":{"line":29,"column":32}},"6":{"start":{"line":33,"column":2},"end":{"line":33,"column":9}},"7":{"start":{"line":14,"column":13},"end":{"line":14,"column":36}},"8":{"start":{"line":36,"column":35},"end":{"line":48,"column":1}},"9":{"start":{"line":41,"column":2},"end":{"line":45,"column":14}},"10":{"start":{"line":43,"column":23},"end":{"line":43,"column":32}},"11":{"start":{"line":47,"column":2},"end":{"line":47,"column":9}},"12":{"start":{"line":36,"column":13},"end":{"line":36,"column":35}},"13":{"start":{"line":50,"column":36},"end":{"line":72,"column":1}},"14":{"start":{"line":55,"column":2},"end":{"line":71,"column":3}},"15":{"start":{"line":56,"column":36},"end":{"line":56,"column":46}},"16":{"start":{"line":58,"column":20},"end":{"line":58,"column":53}},"17":{"start":{"line":60,"column":4},"end":{"line":64,"column":5}},"18":{"start":{"line":61,"column":20},"end":{"line":61,"column":50}},"19":{"start":{"line":62,"column":6},"end":{"line":62,"column":55}},"20":{"start":{"line":63,"column":6},"end":{"line":63,"column":13}},"21":{"start":{"line":66,"column":4},"end":{"line":66,"column":26}},"22":{"start":{"line":68,"column":4},"end":{"line":68,"column":11}},"23":{"start":{"line":70,"column":4},"end":{"line":70,"column":57}},"24":{"start":{"line":50,"column":13},"end":{"line":50,"column":36}}},"fnMap":{"0":{"name":"(anonymous_1)","decl":{"start":{"line":14,"column":36},"end":{"line":14,"column":41}},"loc":{"start":{"line":18,"column":4},"end":{"line":34,"column":1}}},"1":{"name":"(anonymous_2)","decl":{"start":{"line":29,"column":12},"end":{"line":29,"column":13}},"loc":{"start":{"line":29,"column":23},"end":{"line":29,"column":32}}},"2":{"name":"(anonymous_3)","decl":{"start":{"line":36,"column":35},"end":{"line":36,"column":40}},"loc":{"start":{"line":40,"column":4},"end":{"line":48,"column":1}}},"3":{"name":"(anonymous_4)","decl":{"start":{"line":43,"column":12},"end":{"line":43,"column":13}},"loc":{"start":{"line":43,"column":23},"end":{"line":43,"column":32}}},"4":{"name":"(anonymous_5)","decl":{"start":{"line":50,"column":36},"end":{"line":50,"column":41}},"loc":{"start":{"line":54,"column":4},"end":{"line":72,"column":1}}}},"branchMap":{"0":{"loc":{"start":{"line":60,"column":4},"end":{"line":64,"column":5}},"type":"if","locations":[{"start":{"line":60,"column":4},"end":{"line":64,"column":5}}]}},"s":{"0":2,"1":2,"2":2,"3":0,"4":0,"5":0,"6":0,"7":2,"8":2,"9":0,"10":0,"11":0,"12":2,"13":2,"14":3,"15":3,"16":3,"17":2,"18":1,"19":1,"20":1,"21":1,"22":1,"23":1,"24":2},"f":{"0":0,"1":0,"2":0,"3":0,"4":3},"b":{"0":[1]}}
,"C:\\datos\\cursos\\fullstack_nodejs_y_typescript\\CASHTRACKR\\backend\\src\\middleware\\validation.ts": {"path":"C:\\datos\\cursos\\fullstack_nodejs_y_typescript\\CASHTRACKR\\backend\\src\\middleware\\validation.ts","statementMap":{"0":{"start":{"line":2,"column":0},"end":{"line":2,"column":53}},"1":{"start":{"line":4,"column":33},"end":{"line":15,"column":1}},"2":{"start":{"line":9,"column":15},"end":{"line":9,"column":36}},"3":{"start":{"line":10,"column":2},"end":{"line":13,"column":3}},"4":{"start":{"line":11,"column":4},"end":{"line":11,"column":53}},"5":{"start":{"line":12,"column":4},"end":{"line":12,"column":11}},"6":{"start":{"line":14,"column":2},"end":{"line":14,"column":9}},"7":{"start":{"line":4,"column":13},"end":{"line":4,"column":33}}},"fnMap":{"0":{"name":"(anonymous_0)","decl":{"start":{"line":4,"column":33},"end":{"line":4,"column":null}},"loc":{"start":{"line":8,"column":4},"end":{"line":15,"column":1}}}},"branchMap":{"0":{"loc":{"start":{"line":10,"column":2},"end":{"line":13,"column":3}},"type":"if","locations":[{"start":{"line":10,"column":2},"end":{"line":13,"column":3}}]}},"s":{"0":1,"1":1,"2":24,"3":24,"4":7,"5":7,"6":17,"7":1},"f":{"0":24},"b":{"0":[7]}}
,"C:\\datos\\cursos\\fullstack_nodejs_y_typescript\\CASHTRACKR\\backend\\src\\models\\Budget.ts": {"path":"C:\\datos\\cursos\\fullstack_nodejs_y_typescript\\CASHTRACKR\\backend\\src\\models\\Budget.ts","statementMap":{"0":{"start":{"line":1,"column":0},"end":{"line":1,"column":null}},"1":{"start":{"line":11,"column":0},"end":{"line":11,"column":33}},"2":{"start":{"line":12,"column":0},"end":{"line":12,"column":26}},"3":{"start":{"line":18,"column":0},"end":{"line":42,"column":null}},"4":{"start":{"line":23,"column":10},"end":{"line":23,"column":null}},"5":{"start":{"line":29,"column":10},"end":{"line":29,"column":null}},"6":{"start":{"line":35,"column":10},"end":{"line":35,"column":null}},"7":{"start":{"line":31,"column":17},"end":{"line":31,"column":24}},"8":{"start":{"line":38,"column":10},"end":{"line":38,"column":null}},"9":{"start":{"line":37,"column":20},"end":{"line":37,"column":24}},"10":{"start":{"line":41,"column":10},"end":{"line":41,"column":null}},"11":{"start":{"line":40,"column":19},"end":{"line":40,"column":23}},"12":{"start":{"line":18,"column":6},"end":{"line":42,"column":null}},"13":{"start":{"line":44,"column":0},"end":{"line":44,"column":22}}},"fnMap":{"0":{"name":"(anonymous_3)","decl":{"start":{"line":31,"column":11},"end":{"line":31,"column":14}},"loc":{"start":{"line":31,"column":17},"end":{"line":31,"column":24}}},"1":{"name":"(anonymous_4)","decl":{"start":{"line":37,"column":14},"end":{"line":37,"column":17}},"loc":{"start":{"line":37,"column":20},"end":{"line":37,"column":24}}},"2":{"name":"(anonymous_5)","decl":{"start":{"line":40,"column":13},"end":{"line":40,"column":16}},"loc":{"start":{"line":40,"column":19},"end":{"line":40,"column":23}}}},"branchMap":{},"s":{"0":3,"1":3,"2":3,"3":3,"4":3,"5":3,"6":3,"7":3,"8":3,"9":2,"10":3,"11":3,"12":3,"13":3},"f":{"0":3,"1":2,"2":3},"b":{}}
,"C:\\datos\\cursos\\fullstack_nodejs_y_typescript\\CASHTRACKR\\backend\\src\\models\\User.ts": {"path":"C:\\datos\\cursos\\fullstack_nodejs_y_typescript\\CASHTRACKR\\backend\\src\\models\\User.ts","statementMap":{"0":{"start":{"line":1,"column":0},"end":{"line":1,"column":null}},"1":{"start":{"line":11,"column":0},"end":{"line":11,"column":30}},"2":{"start":{"line":17,"column":0},"end":{"line":53,"column":null}},"3":{"start":{"line":22,"column":10},"end":{"line":22,"column":null}},"4":{"start":{"line":28,"column":10},"end":{"line":28,"column":null}},"5":{"start":{"line":35,"column":10},"end":{"line":35,"column":null}},"6":{"start":{"line":40,"column":10},"end":{"line":40,"column":null}},"7":{"start":{"line":46,"column":10},"end":{"line":46,"column":null}},"8":{"start":{"line":52,"column":10},"end":{"line":52,"column":null}},"9":{"start":{"line":48,"column":17},"end":{"line":48,"column":23}},"10":{"start":{"line":17,"column":6},"end":{"line":53,"column":null}},"11":{"start":{"line":55,"column":0},"end":{"line":55,"column":20}}},"fnMap":{"0":{"name":"(anonymous_3)","decl":{"start":{"line":48,"column":11},"end":{"line":48,"column":14}},"loc":{"start":{"line":48,"column":17},"end":{"line":48,"column":23}}}},"branchMap":{},"s":{"0":3,"1":3,"2":3,"3":3,"4":3,"5":3,"6":3,"7":3,"8":3,"9":2,"10":3,"11":3},"f":{"0":2},"b":{}}
,"C:\\datos\\cursos\\fullstack_nodejs_y_typescript\\CASHTRACKR\\backend\\src\\models\\expenses.ts": {"path":"C:\\datos\\cursos\\fullstack_nodejs_y_typescript\\CASHTRACKR\\backend\\src\\models\\expenses.ts","statementMap":{"0":{"start":{"line":1,"column":0},"end":{"line":1,"column":null}},"1":{"start":{"line":11,"column":0},"end":{"line":11,"column":30}},"2":{"start":{"line":17,"column":0},"end":{"line":35,"column":null}},"3":{"start":{"line":22,"column":10},"end":{"line":22,"column":null}},"4":{"start":{"line":28,"column":10},"end":{"line":28,"column":null}},"5":{"start":{"line":31,"column":10},"end":{"line":31,"column":null}},"6":{"start":{"line":30,"column":20},"end":{"line":30,"column":26}},"7":{"start":{"line":34,"column":10},"end":{"line":34,"column":null}},"8":{"start":{"line":33,"column":19},"end":{"line":33,"column":25}},"9":{"start":{"line":17,"column":6},"end":{"line":35,"column":null}},"10":{"start":{"line":37,"column":0},"end":{"line":37,"column":23}}},"fnMap":{"0":{"name":"(anonymous_3)","decl":{"start":{"line":30,"column":14},"end":{"line":30,"column":17}},"loc":{"start":{"line":30,"column":20},"end":{"line":30,"column":26}}},"1":{"name":"(anonymous_4)","decl":{"start":{"line":33,"column":13},"end":{"line":33,"column":16}},"loc":{"start":{"line":33,"column":19},"end":{"line":33,"column":25}}}},"branchMap":{},"s":{"0":3,"1":3,"2":3,"3":3,"4":3,"5":3,"6":2,"7":3,"8":2,"9":3,"10":3},"f":{"0":2,"1":2},"b":{}}
,"C:\\datos\\cursos\\fullstack_nodejs_y_typescript\\CASHTRACKR\\backend\\src\\routes\\AuthRouter.ts": {"path":"C:\\datos\\cursos\\fullstack_nodejs_y_typescript\\CASHTRACKR\\backend\\src\\routes\\AuthRouter.ts","statementMap":{"0":{"start":{"line":1,"column":0},"end":{"line":1,"column":33}},"1":{"start":{"line":2,"column":0},"end":{"line":2,"column":63}},"2":{"start":{"line":3,"column":0},"end":{"line":3,"column":48}},"3":{"start":{"line":4,"column":0},"end":{"line":4,"column":61}},"4":{"start":{"line":5,"column":0},"end":{"line":5,"column":44}},"5":{"start":{"line":6,"column":0},"end":{"line":6,"column":50}},"6":{"start":{"line":8,"column":15},"end":{"line":8,"column":23}},"7":{"start":{"line":11,"column":0},"end":{"line":11,"column":26}},"8":{"start":{"line":13,"column":0},"end":{"line":23,"column":2}},"9":{"start":{"line":25,"column":0},"end":{"line":34,"column":2}},"10":{"start":{"line":36,"column":0},"end":{"line":42,"column":2}},"11":{"start":{"line":44,"column":0},"end":{"line":49,"column":2}},"12":{"start":{"line":51,"column":0},"end":{"line":59,"column":2}},"13":{"start":{"line":61,"column":0},"end":{"line":73,"column":2}},"14":{"start":{"line":75,"column":0},"end":{"line":75,"column":55}},"15":{"start":{"line":77,"column":0},"end":{"line":89,"column":2}},"16":{"start":{"line":91,"column":0},"end":{"line":99,"column":2}},"17":{"start":{"line":101,"column":0},"end":{"line":101,"column":22}}},"fnMap":{},"branchMap":{},"s":{"0":1,"1":1,"2":1,"3":1,"4":1,"5":1,"6":1,"7":1,"8":1,"9":1,"10":1,"11":1,"12":1,"13":1,"14":1,"15":1,"16":1,"17":1},"f":{},"b":{}}
,"C:\\datos\\cursos\\fullstack_nodejs_y_typescript\\CASHTRACKR\\backend\\src\\routes\\budgetRouter.ts": {"path":"C:\\datos\\cursos\\fullstack_nodejs_y_typescript\\CASHTRACKR\\backend\\src\\routes\\budgetRouter.ts","statementMap":{"0":{"start":{"line":1,"column":0},"end":{"line":1,"column":33}},"1":{"start":{"line":3,"column":0},"end":{"line":3,"column":67}},"2":{"start":{"line":4,"column":0},"end":{"line":4,"column":61}},"3":{"start":{"line":5,"column":0},"end":{"line":5,"column":null}},"4":{"start":{"line":11,"column":0},"end":{"line":11,"column":70}},"5":{"start":{"line":12,"column":0},"end":{"line":12,"column":null}},"6":{"start":{"line":17,"column":0},"end":{"line":17,"column":50}},"7":{"start":{"line":19,"column":15},"end":{"line":19,"column":23}},"8":{"start":{"line":21,"column":0},"end":{"line":21,"column":25}},"9":{"start":{"line":23,"column":0},"end":{"line":23,"column":43}},"10":{"start":{"line":24,"column":0},"end":{"line":24,"column":46}},"11":{"start":{"line":25,"column":0},"end":{"line":25,"column":44}},"12":{"start":{"line":27,"column":0},"end":{"line":27,"column":47}},"13":{"start":{"line":28,"column":0},"end":{"line":28,"column":48}},"14":{"start":{"line":30,"column":0},"end":{"line":30,"column":41}},"15":{"start":{"line":32,"column":0},"end":{"line":37,"column":2}},"16":{"start":{"line":39,"column":0},"end":{"line":39,"column":57}},"17":{"start":{"line":41,"column":0},"end":{"line":46,"column":2}},"18":{"start":{"line":48,"column":0},"end":{"line":48,"column":63}},"19":{"start":{"line":52,"column":0},"end":{"line":57,"column":2}},"20":{"start":{"line":58,"column":0},"end":{"line":58,"column":73}},"21":{"start":{"line":59,"column":0},"end":{"line":64,"column":2}},"22":{"start":{"line":65,"column":0},"end":{"line":70,"column":2}},"23":{"start":{"line":72,"column":0},"end":{"line":72,"column":22}}},"fnMap":{},"branchMap":{},"s":{"0":1,"1":1,"2":1,"3":1,"4":1,"5":1,"6":1,"7":1,"8":1,"9":1,"10":1,"11":1,"12":1,"13":1,"14":1,"15":1,"16":1,"17":1,"18":1,"19":1,"20":1,"21":1,"22":1,"23":1},"f":{},"b":{}}
,"C:\\datos\\cursos\\fullstack_nodejs_y_typescript\\CASHTRACKR\\backend\\src\\tests\\mocks\\budgets.ts": {"path":"C:\\datos\\cursos\\fullstack_nodejs_y_typescript\\CASHTRACKR\\backend\\src\\tests\\mocks\\budgets.ts","statementMap":{"0":{"start":{"line":1,"column":13},"end":{"line":71,"column":2}}},"fnMap":{},"branchMap":{},"s":{"0":4},"f":{},"b":{}}
,"C:\\datos\\cursos\\fullstack_nodejs_y_typescript\\CASHTRACKR\\backend\\src\\tests\\mocks\\expenses.ts": {"path":"C:\\datos\\cursos\\fullstack_nodejs_y_typescript\\CASHTRACKR\\backend\\src\\tests\\mocks\\expenses.ts","statementMap":{"0":{"start":{"line":1,"column":13},"end":{"line":26,"column":2}}},"fnMap":{},"branchMap":{},"s":{"0":2},"f":{},"b":{}}
,"C:\\datos\\cursos\\fullstack_nodejs_y_typescript\\CASHTRACKR\\backend\\src\\utils\\auth.ts": {"path":"C:\\datos\\cursos\\fullstack_nodejs_y_typescript\\CASHTRACKR\\backend\\src\\utils\\auth.ts","statementMap":{"0":{"start":{"line":1,"column":0},"end":{"line":1,"column":28}},"1":{"start":{"line":3,"column":28},"end":{"line":6,"column":1}},"2":{"start":{"line":4,"column":15},"end":{"line":4,"column":39}},"3":{"start":{"line":5,"column":2},"end":{"line":5,"column":43}},"4":{"start":{"line":3,"column":13},"end":{"line":3,"column":28}},"5":{"start":{"line":8,"column":29},"end":{"line":10,"column":1}},"6":{"start":{"line":9,"column":2},"end":{"line":9,"column":46}},"7":{"start":{"line":8,"column":13},"end":{"line":8,"column":29}}},"fnMap":{"0":{"name":"(anonymous_1)","decl":{"start":{"line":3,"column":28},"end":{"line":3,"column":33}},"loc":{"start":{"line":3,"column":55},"end":{"line":6,"column":1}}},"1":{"name":"(anonymous_2)","decl":{"start":{"line":8,"column":29},"end":{"line":8,"column":34}},"loc":{"start":{"line":8,"column":70},"end":{"line":10,"column":1}}}},"branchMap":{},"s":{"0":2,"1":2,"2":1,"3":1,"4":2,"5":2,"6":5,"7":2},"f":{"0":1,"1":5},"b":{}}
,"C:\\datos\\cursos\\fullstack_nodejs_y_typescript\\CASHTRACKR\\backend\\src\\utils\\jwt.ts": {"path":"C:\\datos\\cursos\\fullstack_nodejs_y_typescript\\CASHTRACKR\\backend\\src\\utils\\jwt.ts","statementMap":{"0":{"start":{"line":1,"column":0},"end":{"line":1,"column":31}},"1":{"start":{"line":2,"column":0},"end":{"line":2,"column":28}},"2":{"start":{"line":4,"column":0},"end":{"line":4,"column":16}},"3":{"start":{"line":6,"column":27},"end":{"line":12,"column":1}},"4":{"start":{"line":7,"column":16},"end":{"line":9,"column":4}},"5":{"start":{"line":11,"column":2},"end":{"line":11,"column":15}},"6":{"start":{"line":6,"column":13},"end":{"line":6,"column":27}}},"fnMap":{"0":{"name":"(anonymous_1)","decl":{"start":{"line":6,"column":27},"end":{"line":6,"column":28}},"loc":{"start":{"line":6,"column":50},"end":{"line":12,"column":1}}}},"branchMap":{},"s":{"0":2,"1":2,"2":2,"3":2,"4":5,"5":5,"6":2},"f":{"0":5},"b":{}}
,"C:\\datos\\cursos\\fullstack_nodejs_y_typescript\\CASHTRACKR\\backend\\src\\utils\\token.ts": {"path":"C:\\datos\\cursos\\fullstack_nodejs_y_typescript\\CASHTRACKR\\backend\\src\\utils\\token.ts","statementMap":{"0":{"start":{"line":1,"column":29},"end":{"line":2,"column":56}},"1":{"start":{"line":2,"column":2},"end":{"line":2,"column":56}},"2":{"start":{"line":1,"column":13},"end":{"line":1,"column":29}}},"fnMap":{"0":{"name":"(anonymous_0)","decl":{"start":{"line":1,"column":29},"end":{"line":1,"column":32}},"loc":{"start":{"line":2,"column":2},"end":{"line":2,"column":56}}}},"branchMap":{},"s":{"0":2,"1":1,"2":2},"f":{"0":1},"b":{}}
}
