TN:
SF:src\server.ts
FN:9,connectDb
FNF:1
FNH:1
FNDA:2,connectDb
DA:1,1
DA:3,1
DA:4,1
DA:5,1
DA:6,1
DA:7,1
DA:9,1
DA:10,2
DA:11,2
DA:12,2
DA:20,1
DA:22,1
DA:24,1
DA:26,1
DA:29,1
DA:31,1
DA:32,1
DA:34,1
LF:18
LH:18
BRF:0
BRH:0
end_of_record
TN:
SF:src\config\db.ts
FNF:0
FNH:0
DA:1,1
DA:2,1
DA:4,1
DA:6,1
LF:4
LH:4
BRF:0
BRH:0
end_of_record
TN:
SF:src\config\limiter.ts
FNF:0
FNH:0
DA:1,1
DA:3,1
LF:2
LH:2
BRDA:5,0,0,0
BRDA:5,0,1,1
BRF:2
BRH:1
end_of_record
TN:
SF:src\config\nodemailer.ts
FN:6,(anonymous_1)
FNF:1
FNH:1
FNDA:2,(anonymous_1)
DA:1,2
DA:2,2
DA:4,2
DA:6,2
DA:7,2
DA:18,2
LF:6
LH:6
BRF:0
BRH:0
end_of_record
TN:
SF:src\controllers\AuthController.ts
FN:9,(anonymous_1)
FN:44,(anonymous_2)
FN:62,(anonymous_3)
FN:92,(anonymous_4)
FN:115,(anonymous_5)
FN:128,(anonymous_6)
FN:147,(anonymous_7)
FN:152,(anonymous_8)
FN:176,(anonymous_9)
FNF:9
FNH:3
FNDA:5,(anonymous_1)
FNDA:2,(anonymous_2)
FNDA:14,(anonymous_3)
FNDA:0,(anonymous_4)
FNDA:0,(anonymous_5)
FNDA:0,(anonymous_6)
FNDA:0,(anonymous_7)
FNDA:0,(anonymous_8)
FNDA:0,(anonymous_9)
DA:2,2
DA:3,2
DA:4,2
DA:5,2
DA:6,2
DA:8,2
DA:9,2
DA:10,5
DA:13,5
DA:14,5
DA:15,3
DA:16,3
DA:17,3
DA:19,2
DA:20,2
DA:21,2
DA:22,2
DA:23,2
DA:25,2
DA:26,2
DA:29,2
DA:31,2
DA:37,2
DA:40,0
DA:44,2
DA:45,2
DA:46,2
DA:48,2
DA:49,1
DA:50,1
DA:51,1
DA:53,1
DA:54,1
DA:55,1
DA:57,1
DA:58,1
DA:62,2
DA:63,14
DA:65,14
DA:67,14
DA:68,2
DA:69,2
DA:70,2
DA:73,12
DA:74,3
DA:75,3
DA:76,3
DA:79,9
DA:81,9
DA:82,2
DA:83,2
DA:84,2
DA:87,7
DA:89,7
DA:92,2
DA:93,0
DA:95,0
DA:97,0
DA:98,0
DA:99,0
DA:100,0
DA:103,0
DA:104,0
DA:106,0
DA:112,0
DA:115,2
DA:116,0
DA:117,0
DA:119,0
DA:120,0
DA:121,0
DA:122,0
DA:125,0
DA:128,2
DA:129,0
DA:130,0
DA:132,0
DA:134,0
DA:135,0
DA:136,0
DA:137,0
DA:140,0
DA:141,0
DA:142,0
DA:144,0
DA:147,2
DA:149,0
DA:152,2
DA:153,0
DA:155,0
DA:157,0
DA:159,0
DA:164,0
DA:165,0
DA:166,0
DA:167,0
DA:170,0
DA:171,0
DA:173,0
DA:176,2
DA:177,0
DA:179,0
DA:181,0
DA:183,0
DA:185,0
DA:186,0
DA:187,0
DA:188,0
DA:191,0
LF:109
LH:59
BRDA:14,0,0,3
BRDA:25,1,0,2
BRDA:48,2,0,1
BRDA:67,3,0,2
BRDA:73,4,0,3
BRDA:81,5,0,2
BRDA:97,6,0,0
BRDA:119,7,0,0
BRDA:134,8,0,0
BRDA:164,9,0,0
BRDA:185,10,0,0
BRF:11
BRH:6
end_of_record
TN:
SF:src\controllers\BudgetController.ts
FN:6,(anonymous_1)
FN:20,(anonymous_2)
FN:34,(anonymous_3)
FN:42,(anonymous_4)
FN:51,(anonymous_5)
FNF:5
FNH:5
FNDA:5,(anonymous_1)
FNDA:3,(anonymous_2)
FNDA:4,(anonymous_3)
FNDA:2,(anonymous_4)
FNDA:2,(anonymous_5)
DA:2,2
DA:3,2
DA:5,2
DA:6,2
DA:7,5
DA:8,5
DA:14,4
DA:16,1
DA:20,2
DA:21,3
DA:22,3
DA:24,2
DA:26,2
DA:27,2
DA:30,1
DA:34,2
DA:35,4
DA:39,4
DA:42,2
DA:43,2
DA:46,2
DA:48,2
DA:51,2
DA:52,2
DA:54,2
DA:56,2
LF:26
LH:26
BRF:0
BRH:0
end_of_record
TN:
SF:src\controllers\ExpenseController.ts
FN:7,(anonymous_1)
FN:20,(anonymous_2)
FN:24,(anonymous_3)
FN:29,(anonymous_4)
FNF:4
FNH:4
FNDA:2,(anonymous_1)
FNDA:1,(anonymous_2)
FNDA:1,(anonymous_3)
FNDA:1,(anonymous_4)
DA:2,2
DA:4,2
DA:7,2
DA:9,2
DA:10,2
DA:11,1
DA:12,1
DA:13,1
DA:16,1
DA:20,2
DA:21,1
DA:24,2
DA:25,1
DA:26,1
DA:29,2
DA:30,1
DA:31,1
LF:17
LH:17
BRF:0
BRH:0
end_of_record
TN:
SF:src\emails\AuthEmail.ts
FN:10,(anonymous_0)
FN:25,(anonymous_1)
FNF:2
FNH:1
FNDA:1,(anonymous_0)
FNDA:0,(anonymous_1)
DA:1,2
DA:9,2
DA:10,2
DA:11,1
DA:25,2
DA:26,0
LF:6
LH:5
BRF:0
BRH:0
end_of_record
TN:
SF:src\middleware\auth.ts
FN:13,(anonymous_1)
FNF:1
FNH:1
FNDA:17,(anonymous_1)
DA:2,1
DA:3,1
DA:13,1
DA:18,17
DA:20,17
DA:21,5
DA:22,5
DA:23,5
DA:26,12
DA:28,12
DA:29,0
DA:30,0
DA:33,12
DA:34,12
DA:36,11
DA:37,11
DA:41,11
DA:45,1
LF:18
LH:16
BRDA:20,0,0,5
BRDA:28,1,0,0
BRDA:36,2,0,11
BRDA:36,3,0,11
BRDA:36,3,1,11
BRF:5
BRH:4
end_of_record
TN:
SF:src\middleware\budget.ts
FN:13,(anonymous_1)
FN:22,(anonymous_2)
FN:35,(anonymous_3)
FN:58,(anonymous_4)
FN:70,(anonymous_5)
FN:77,(anonymous_6)
FNF:6
FNH:6
FNDA:8,(anonymous_1)
FNDA:5,(anonymous_2)
FNDA:8,(anonymous_3)
FNDA:3,(anonymous_4)
FNDA:3,(anonymous_5)
FNDA:6,(anonymous_6)
DA:2,3
DA:3,3
DA:13,3
DA:18,8
DA:22,5
DA:27,8
DA:28,8
DA:29,3
DA:30,3
DA:32,5
DA:35,3
DA:40,8
DA:41,8
DA:42,8
DA:44,7
DA:45,3
DA:46,3
DA:47,3
DA:50,4
DA:52,4
DA:54,1
DA:58,3
DA:63,3
DA:65,3
DA:70,3
DA:74,3
DA:77,3
DA:82,6
DA:83,2
DA:84,2
DA:85,2
DA:88,4
LF:32
LH:32
BRDA:28,0,0,3
BRDA:44,1,0,3
BRDA:82,2,0,2
BRF:3
BRH:3
end_of_record
TN:
SF:src\middleware\expense.ts
FN:14,(anonymous_1)
FN:29,(anonymous_2)
FN:36,(anonymous_3)
FN:43,(anonymous_4)
FN:50,(anonymous_5)
FNF:5
FNH:1
FNDA:0,(anonymous_1)
FNDA:0,(anonymous_2)
FNDA:0,(anonymous_3)
FNDA:0,(anonymous_4)
FNDA:3,(anonymous_5)
DA:2,2
DA:3,2
DA:14,2
DA:19,0
DA:24,0
DA:29,0
DA:33,0
DA:36,2
DA:41,0
DA:43,0
DA:47,0
DA:50,2
DA:55,3
DA:56,3
DA:58,3
DA:60,2
DA:61,1
DA:62,1
DA:63,1
DA:66,1
DA:68,1
DA:70,1
LF:22
LH:15
BRDA:60,0,0,1
BRF:1
BRH:1
end_of_record
TN:
SF:src\middleware\validation.ts
FN:4,(anonymous_0)
FNF:1
FNH:1
FNDA:24,(anonymous_0)
DA:2,1
DA:4,1
DA:9,24
DA:10,24
DA:11,7
DA:12,7
DA:14,17
LF:7
LH:7
BRDA:10,0,0,7
BRF:1
BRH:1
end_of_record
TN:
SF:src\models\Budget.ts
FN:31,(anonymous_3)
FN:37,(anonymous_4)
FN:40,(anonymous_5)
FNF:3
FNH:3
FNDA:3,(anonymous_3)
FNDA:2,(anonymous_4)
FNDA:3,(anonymous_5)
DA:1,3
DA:11,3
DA:12,3
DA:18,3
DA:23,3
DA:29,3
DA:31,3
DA:35,3
DA:37,2
DA:38,3
DA:40,3
DA:41,3
DA:44,3
LF:13
LH:13
BRF:0
BRH:0
end_of_record
TN:
SF:src\models\User.ts
FN:48,(anonymous_3)
FNF:1
FNH:1
FNDA:2,(anonymous_3)
DA:1,3
DA:11,3
DA:17,3
DA:22,3
DA:28,3
DA:35,3
DA:40,3
DA:46,3
DA:48,2
DA:52,3
DA:55,3
LF:11
LH:11
BRF:0
BRH:0
end_of_record
TN:
SF:src\models\expenses.ts
FN:30,(anonymous_3)
FN:33,(anonymous_4)
FNF:2
FNH:2
FNDA:2,(anonymous_3)
FNDA:2,(anonymous_4)
DA:1,3
DA:11,3
DA:17,3
DA:22,3
DA:28,3
DA:30,2
DA:31,3
DA:33,2
DA:34,3
DA:37,3
LF:10
LH:10
BRF:0
BRH:0
end_of_record
TN:
SF:src\routes\AuthRouter.ts
FNF:0
FNH:0
DA:1,1
DA:2,1
DA:3,1
DA:4,1
DA:5,1
DA:6,1
DA:8,1
DA:11,1
DA:13,1
DA:25,1
DA:36,1
DA:44,1
DA:51,1
DA:61,1
DA:75,1
DA:77,1
DA:91,1
DA:101,1
LF:18
LH:18
BRF:0
BRH:0
end_of_record
TN:
SF:src\routes\budgetRouter.ts
FNF:0
FNH:0
DA:1,1
DA:3,1
DA:4,1
DA:5,1
DA:11,1
DA:12,1
DA:17,1
DA:19,1
DA:21,1
DA:23,1
DA:24,1
DA:25,1
DA:27,1
DA:28,1
DA:30,1
DA:32,1
DA:39,1
DA:41,1
DA:48,1
DA:52,1
DA:58,1
DA:59,1
DA:65,1
DA:72,1
LF:24
LH:24
BRF:0
BRH:0
end_of_record
TN:
SF:src\tests\mocks\budgets.ts
FNF:0
FNH:0
DA:1,4
LF:1
LH:1
BRF:0
BRH:0
end_of_record
TN:
SF:src\tests\mocks\expenses.ts
FNF:0
FNH:0
DA:1,2
LF:1
LH:1
BRF:0
BRH:0
end_of_record
TN:
SF:src\utils\auth.ts
FN:3,(anonymous_1)
FN:8,(anonymous_2)
FNF:2
FNH:2
FNDA:1,(anonymous_1)
FNDA:5,(anonymous_2)
DA:1,2
DA:3,2
DA:4,1
DA:5,1
DA:8,2
DA:9,5
LF:6
LH:6
BRF:0
BRH:0
end_of_record
TN:
SF:src\utils\jwt.ts
FN:6,(anonymous_1)
FNF:1
FNH:1
FNDA:5,(anonymous_1)
DA:1,2
DA:2,2
DA:4,2
DA:6,2
DA:7,5
DA:11,5
LF:6
LH:6
BRF:0
BRH:0
end_of_record
TN:
SF:src\utils\token.ts
FN:1,(anonymous_0)
FNF:1
FNH:1
FNDA:1,(anonymous_0)
DA:1,2
DA:2,1
LF:2
LH:2
BRF:0
BRH:0
end_of_record
