TN:
SF:src\config\nodemailer.ts
FN:6,(anonymous_1)
FNF:1
FNH:1
FNDA:1,(anonymous_1)
DA:1,1
DA:2,1
DA:4,1
DA:6,1
DA:7,1
DA:18,1
LF:6
LH:6
BRF:0
BRH:0
end_of_record
TN:
SF:src\controllers\AuthController.ts
FN:9,(anonymous_1)
FN:38,(anonymous_2)
FN:56,(anonymous_3)
FN:86,(anonymous_4)
FN:109,(anonymous_5)
FN:122,(anonymous_6)
FN:141,(anonymous_7)
FN:146,(anonymous_8)
FN:170,(anonymous_9)
FNF:9
FNH:2
FNDA:2,(anonymous_1)
FNDA:0,(anonymous_2)
FNDA:4,(anonymous_3)
FNDA:0,(anonymous_4)
FNDA:0,(anonymous_5)
FNDA:0,(anonymous_6)
FNDA:0,(anonymous_7)
FNDA:0,(anonymous_8)
FNDA:0,(anonymous_9)
DA:2,1
DA:3,1
DA:4,1
DA:5,1
DA:6,1
DA:8,1
DA:9,1
DA:10,2
DA:13,2
DA:14,2
DA:15,1
DA:16,1
DA:17,1
DA:19,1
DA:20,1
DA:21,1
DA:22,1
DA:23,1
DA:25,1
DA:31,1
DA:34,0
DA:38,1
DA:39,0
DA:40,0
DA:42,0
DA:43,0
DA:44,0
DA:45,0
DA:47,0
DA:48,0
DA:49,0
DA:51,0
DA:52,0
DA:56,1
DA:57,4
DA:59,4
DA:61,4
DA:62,1
DA:63,1
DA:64,1
DA:67,3
DA:68,1
DA:69,1
DA:70,1
DA:73,2
DA:75,2
DA:76,1
DA:77,1
DA:78,1
DA:81,1
DA:83,1
DA:86,1
DA:87,0
DA:89,0
DA:91,0
DA:92,0
DA:93,0
DA:94,0
DA:97,0
DA:98,0
DA:100,0
DA:106,0
DA:109,1
DA:110,0
DA:111,0
DA:113,0
DA:114,0
DA:115,0
DA:116,0
DA:119,0
DA:122,1
DA:123,0
DA:124,0
DA:126,0
DA:128,0
DA:129,0
DA:130,0
DA:131,0
DA:134,0
DA:135,0
DA:136,0
DA:138,0
DA:141,1
DA:143,0
DA:146,1
DA:147,0
DA:149,0
DA:151,0
DA:153,0
DA:158,0
DA:159,0
DA:160,0
DA:161,0
DA:164,0
DA:165,0
DA:167,0
DA:170,1
DA:171,0
DA:173,0
DA:175,0
DA:177,0
DA:179,0
DA:180,0
DA:181,0
DA:182,0
DA:185,0
LF:106
LH:45
BRDA:14,0,0,1
BRDA:42,1,0,0
BRDA:61,2,0,1
BRDA:67,3,0,1
BRDA:75,4,0,1
BRDA:91,5,0,0
BRDA:113,6,0,0
BRDA:128,7,0,0
BRDA:158,8,0,0
BRDA:179,9,0,0
BRF:10
BRH:4
end_of_record
TN:
SF:src\controllers\BudgetController.ts
FN:6,(anonymous_1)
FN:20,(anonymous_2)
FN:34,(anonymous_3)
FN:42,(anonymous_4)
FN:51,(anonymous_5)
FNF:5
FNH:5
FNDA:4,(anonymous_1)
FNDA:2,(anonymous_2)
FNDA:3,(anonymous_3)
FNDA:1,(anonymous_4)
FNDA:1,(anonymous_5)
DA:2,1
DA:3,1
DA:5,1
DA:6,1
DA:7,4
DA:8,4
DA:14,3
DA:16,1
DA:20,1
DA:21,2
DA:22,2
DA:24,1
DA:26,1
DA:27,1
DA:30,1
DA:34,1
DA:35,3
DA:39,3
DA:42,1
DA:43,1
DA:46,1
DA:48,1
DA:51,1
DA:52,1
DA:54,1
DA:56,1
LF:26
LH:26
BRF:0
BRH:0
end_of_record
TN:
SF:src\controllers\ExpenseController.ts
FN:7,(anonymous_1)
FN:20,(anonymous_2)
FN:24,(anonymous_3)
FN:29,(anonymous_4)
FNF:4
FNH:4
FNDA:2,(anonymous_1)
FNDA:1,(anonymous_2)
FNDA:1,(anonymous_3)
FNDA:1,(anonymous_4)
DA:2,1
DA:4,1
DA:7,1
DA:9,2
DA:10,2
DA:11,1
DA:12,1
DA:13,1
DA:16,1
DA:20,1
DA:21,1
DA:24,1
DA:25,1
DA:26,1
DA:29,1
DA:30,1
DA:31,1
LF:17
LH:17
BRF:0
BRH:0
end_of_record
TN:
SF:src\emails\AuthEmail.ts
FN:10,(anonymous_0)
FN:25,(anonymous_1)
FNF:2
FNH:0
FNDA:0,(anonymous_0)
FNDA:0,(anonymous_1)
DA:1,1
DA:9,1
DA:10,1
DA:11,0
DA:22,0
DA:25,1
DA:26,0
DA:37,0
LF:8
LH:4
BRF:0
BRH:0
end_of_record
TN:
SF:src\middleware\budget.ts
FN:13,(anonymous_1)
FN:21,(anonymous_2)
FN:33,(anonymous_3)
FN:56,(anonymous_4)
FN:68,(anonymous_5)
FN:75,(anonymous_6)
FNF:6
FNH:2
FNDA:0,(anonymous_1)
FNDA:0,(anonymous_2)
FNDA:3,(anonymous_3)
FNDA:0,(anonymous_4)
FNDA:0,(anonymous_5)
FNDA:3,(anonymous_6)
DA:2,2
DA:3,2
DA:13,2
DA:18,0
DA:21,0
DA:25,0
DA:26,0
DA:27,0
DA:28,0
DA:30,0
DA:33,2
DA:38,3
DA:39,3
DA:40,3
DA:42,2
DA:43,1
DA:44,1
DA:45,1
DA:48,1
DA:50,1
DA:52,1
DA:56,2
DA:61,0
DA:63,0
DA:68,0
DA:72,0
DA:75,2
DA:80,3
DA:81,2
DA:82,2
DA:83,2
DA:86,1
LF:32
LH:21
BRDA:26,0,0,0
BRDA:42,1,0,1
BRDA:80,2,0,2
BRF:3
BRH:2
end_of_record
TN:
SF:src\middleware\expense.ts
FN:14,(anonymous_1)
FN:29,(anonymous_2)
FN:36,(anonymous_3)
FN:43,(anonymous_4)
FN:50,(anonymous_5)
FNF:5
FNH:1
FNDA:0,(anonymous_1)
FNDA:0,(anonymous_2)
FNDA:0,(anonymous_3)
FNDA:0,(anonymous_4)
FNDA:3,(anonymous_5)
DA:2,1
DA:3,1
DA:14,1
DA:19,0
DA:24,0
DA:29,0
DA:33,0
DA:36,1
DA:41,0
DA:43,0
DA:47,0
DA:50,1
DA:55,3
DA:56,3
DA:58,3
DA:60,2
DA:61,1
DA:62,1
DA:63,1
DA:66,1
DA:68,1
DA:70,1
LF:22
LH:15
BRDA:60,0,0,1
BRF:1
BRH:1
end_of_record
TN:
SF:src\models\Budget.ts
FN:31,(anonymous_3)
FN:37,(anonymous_4)
FN:40,(anonymous_5)
FNF:3
FNH:0
FNDA:0,(anonymous_3)
FNDA:0,(anonymous_4)
FNDA:0,(anonymous_5)
DA:1,2
DA:11,2
DA:12,2
DA:18,2
DA:23,2
DA:29,2
DA:31,0
DA:35,2
DA:37,0
DA:38,2
DA:40,0
DA:41,2
DA:44,2
LF:13
LH:10
BRF:0
BRH:0
end_of_record
TN:
SF:src\models\User.ts
FN:48,(anonymous_3)
FNF:1
FNH:0
FNDA:0,(anonymous_3)
DA:1,2
DA:11,2
DA:17,2
DA:22,2
DA:28,2
DA:35,2
DA:40,2
DA:46,2
DA:48,0
DA:52,2
DA:55,2
LF:11
LH:10
BRF:0
BRH:0
end_of_record
TN:
SF:src\models\expenses.ts
FN:30,(anonymous_3)
FN:33,(anonymous_4)
FNF:2
FNH:0
FNDA:0,(anonymous_3)
FNDA:0,(anonymous_4)
DA:1,2
DA:11,2
DA:17,2
DA:22,2
DA:28,2
DA:30,0
DA:31,2
DA:33,0
DA:34,2
DA:37,2
LF:10
LH:8
BRF:0
BRH:0
end_of_record
TN:
SF:src\tests\mocks\budgets.ts
FNF:0
FNH:0
DA:1,4
LF:1
LH:1
BRF:0
BRH:0
end_of_record
TN:
SF:src\tests\mocks\expenses.ts
FNF:0
FNH:0
DA:1,2
LF:1
LH:1
BRF:0
BRH:0
end_of_record
TN:
SF:src\utils\auth.ts
FN:3,(anonymous_1)
FN:8,(anonymous_2)
FNF:2
FNH:0
FNDA:0,(anonymous_1)
FNDA:0,(anonymous_2)
DA:1,1
DA:3,1
DA:4,0
DA:5,0
DA:8,1
DA:9,0
LF:6
LH:3
BRF:0
BRH:0
end_of_record
TN:
SF:src\utils\jwt.ts
FN:6,(anonymous_1)
FNF:1
FNH:0
FNDA:0,(anonymous_1)
DA:1,1
DA:2,1
DA:4,1
DA:6,1
DA:7,0
DA:11,0
LF:6
LH:4
BRF:0
BRH:0
end_of_record
TN:
SF:src\utils\token.ts
FN:1,(anonymous_0)
FNF:1
FNH:0
FNDA:0,(anonymous_0)
DA:1,1
DA:2,0
LF:2
LH:1
BRF:0
BRH:0
end_of_record
